Started GET "/" for ::1 at 2021-06-02 13:40:44 +0900
  [1m[35m (2.5ms)[0m  [1m[34mSELECT sqlite_version(*)[0m
Processing by HelloController#default as HTML
Completed 500 Internal Server Error in 13ms (ActiveRecord: 0.0ms | Allocations: 3461)


  
NoMethodError (undefined method `empty?' for nil:NilClass):
  
app/controllers/hello_controller.rb:3:in `default'
Started GET "/" for ::1 at 2021-06-02 13:41:11 +0900
Processing by HelloController#default as HTML
  Rendering layout layouts/application.html.erb
  Rendering hello/default.html.erb within layouts/application
  Rendered hello/default.html.erb within layouts/application (Duration: 0.2ms | Allocations: 108)
[Webpacker] Compiling...
[Webpacker] Compiled all packs in /goinfre/huchoi/test_server/server/public/packs
[Webpacker] Though the "loose" option was set to "false" in your @babel/preset-env config, it will not be used for @babel/plugin-proposal-private-methods since the "loose" mode option was set to "true" for @babel/plugin-proposal-class-properties.
The "loose" option must be the same for @babel/plugin-proposal-class-properties, @babel/plugin-proposal-private-methods and @babel/plugin-proposal-private-property-in-object (when they are enabled): you can silence this warning by explicitly adding
	["@babel/plugin-proposal-private-methods", { "loose": true }]
to the "plugins" section of your Babel config.
Though the "loose" option was set to "false" in your @babel/preset-env config, it will not be used for @babel/plugin-proposal-private-methods since the "loose" mode option was set to "true" for @babel/plugin-proposal-class-properties.
The "loose" option must be the same for @babel/plugin-proposal-class-properties, @babel/plugin-proposal-private-methods and @babel/plugin-proposal-private-property-in-object (when they are enabled): you can silence this warning by explicitly adding
	["@babel/plugin-proposal-private-methods", { "loose": true }]
to the "plugins" section of your Babel config.
Though the "loose" option was set to "false" in your @babel/preset-env config, it will not be used for @babel/plugin-proposal-private-methods since the "loose" mode option was set to "true" for @babel/plugin-proposal-class-properties.
The "loose" option must be the same for @babel/plugin-proposal-class-properties, @babel/plugin-proposal-private-methods and @babel/plugin-proposal-private-property-in-object (when they are enabled): you can silence this warning by explicitly adding
	["@babel/plugin-proposal-private-methods", { "loose": true }]
to the "plugins" section of your Babel config.
Though the "loose" option was set to "false" in your @babel/preset-env config, it will not be used for @babel/plugin-proposal-private-methods since the "loose" mode option was set to "true" for @babel/plugin-proposal-class-properties.
The "loose" option must be the same for @babel/plugin-proposal-class-properties, @babel/plugin-proposal-private-methods and @babel/plugin-proposal-private-property-in-object (when they are enabled): you can silence this warning by explicitly adding
	["@babel/plugin-proposal-private-methods", { "loose": true }]
to the "plugins" section of your Babel config.
Though the "loose" option was set to "false" in your @babel/preset-env config, it will not be used for @babel/plugin-proposal-private-methods since the "loose" mode option was set to "true" for @babel/plugin-proposal-class-properties.
The "loose" option must be the same for @babel/plugin-proposal-class-properties, @babel/plugin-proposal-private-methods and @babel/plugin-proposal-private-property-in-object (when they are enabled): you can silence this warning by explicitly adding
	["@babel/plugin-proposal-private-methods", { "loose": true }]
to the "plugins" section of your Babel config.
Though the "loose" option was set to "false" in your @babel/preset-env config, it will not be used for @babel/plugin-proposal-private-methods since the "loose" mode option was set to "true" for @babel/plugin-proposal-class-properties.
The "loose" option must be the same for @babel/plugin-proposal-class-properties, @babel/plugin-proposal-private-methods and @babel/plugin-proposal-private-property-in-object (when they are enabled): you can silence this warning by explicitly adding
	["@babel/plugin-proposal-private-methods", { "loose": true }]
to the "plugins" section of your Babel config.

[Webpacker] Hash: e332c6419728fac579d5
Version: webpack 4.46.0
Time: 1137ms
Built at: 06/02/2021 1:41:14 PM
                                     Asset       Size       Chunks                         Chunk Names
    js/application-f826770d917d8a37c1d8.js    125 KiB  application  [emitted] [immutable]  application
js/application-f826770d917d8a37c1d8.js.map    139 KiB  application  [emitted] [dev]        application
                             manifest.json  364 bytes               [emitted]              
Entrypoint application = js/application-f826770d917d8a37c1d8.js js/application-f826770d917d8a37c1d8.js.map
[./app/javascript/channels sync recursive _channel\.js$] ./app/javascript/channels sync _channel\.js$ 160 bytes {application} [built]
[./app/javascript/channels/index.js] 211 bytes {application} [built]
[./app/javascript/packs/application.js] 492 bytes {application} [built]
[./node_modules/webpack/buildin/module.js] (webpack)/buildin/module.js 552 bytes {application} [built]
    + 3 hidden modules

  Rendered layout layouts/application.html.erb (Duration: 2751.3ms | Allocations: 19973)
Completed 200 OK in 2753ms (Views: 2752.6ms | Allocations: 21088)


DEPRECATION WARNING: Using a dynamic :controller segment in a route is deprecated and will be removed in Rails 6.2. (called from block in <main> at /goinfre/huchoi/test_server/server/config/routes.rb:5)
DEPRECATION WARNING: Using a dynamic :action segment in a route is deprecated and will be removed in Rails 6.2. (called from block in <main> at /goinfre/huchoi/test_server/server/config/routes.rb:5)
Started GET "/" for ::1 at 2021-06-02 13:49:14 +0900
  
SyntaxError (/goinfre/huchoi/test_server/server/config/routes.rb:6: syntax error, unexpected ':', expecting `end'
...roller(/:action (/:id))", via : [:get, :post, :patch] #사...
...                              ^
/goinfre/huchoi/test_server/server/config/routes.rb:7: syntax error, unexpected `end', expecting end-of-input):
  
config/routes.rb:6: syntax error, unexpected ':', expecting `end'
config/routes.rb:7: syntax error, unexpected `end', expecting end-of-input
config/routes.rb:6: syntax error, unexpected ':', expecting `end'
config/routes.rb:7: syntax error, unexpected `end', expecting end-of-input
config/routes.rb:6: syntax error, unexpected ':', expecting `end'
config/routes.rb:7: syntax error, unexpected `end', expecting end-of-input
Started GET "/" for ::1 at 2021-06-02 13:49:15 +0900
  
ActionController::RoutingError (No route matches [GET] "/"):
  
Started GET "/" for ::1 at 2021-06-02 13:49:16 +0900
  
ActionController::RoutingError (No route matches [GET] "/"):
  
Started GET "/" for ::1 at 2021-06-02 13:49:33 +0900
  
SyntaxError (/goinfre/huchoi/test_server/server/config/routes.rb:6: syntax error, unexpected ':', expecting `end'
...roller(/:action (/:id))", via : [:get, :post, :patch] #사...
...                              ^
/goinfre/huchoi/test_server/server/config/routes.rb:7: syntax error, unexpected `end', expecting end-of-input):
  
config/routes.rb:6: syntax error, unexpected ':', expecting `end'
config/routes.rb:7: syntax error, unexpected `end', expecting end-of-input
config/routes.rb:6: syntax error, unexpected ':', expecting `end'
config/routes.rb:7: syntax error, unexpected `end', expecting end-of-input
config/routes.rb:6: syntax error, unexpected ':', expecting `end'
config/routes.rb:7: syntax error, unexpected `end', expecting end-of-input
DEPRECATION WARNING: Using a dynamic :controller segment in a route is deprecated and will be removed in Rails 6.2. (called from block in <main> at /goinfre/huchoi/test_server/server/config/routes.rb:6)
DEPRECATION WARNING: Using a dynamic :action segment in a route is deprecated and will be removed in Rails 6.2. (called from block in <main> at /goinfre/huchoi/test_server/server/config/routes.rb:6)
Started GET "/" for ::1 at 2021-06-02 13:50:11 +0900
DEPRECATION WARNING: Using a dynamic :controller segment in a route is deprecated and will be removed in Rails 6.2. (called from block in <main> at /goinfre/huchoi/test_server/server/config/routes.rb:6)
DEPRECATION WARNING: Using a dynamic :action segment in a route is deprecated and will be removed in Rails 6.2. (called from block in <main> at /goinfre/huchoi/test_server/server/config/routes.rb:6)
Processing by HelloController#default as HTML
  Rendering layout layouts/application.html.erb
  Rendering hello/default.html.erb within layouts/application
  Rendered hello/default.html.erb within layouts/application (Duration: 0.3ms | Allocations: 140)
[Webpacker] Everything's up-to-date. Nothing to do
  Rendered layout layouts/application.html.erb (Duration: 4.3ms | Allocations: 3848)
Completed 200 OK in 6ms (Views: 5.6ms | Allocations: 4941)


Started GET "/default" for ::1 at 2021-06-02 13:50:12 +0900
Processing by HelloController#default as HTML
  Rendering layout layouts/application.html.erb
  Rendering hello/default.html.erb within layouts/application
  Rendered hello/default.html.erb within layouts/application (Duration: 0.1ms | Allocations: 47)
[Webpacker] Everything's up-to-date. Nothing to do
  Rendered layout layouts/application.html.erb (Duration: 3.8ms | Allocations: 3622)
Completed 200 OK in 5ms (Views: 4.1ms | Allocations: 4000)


Started GET "/default" for ::1 at 2021-06-02 13:50:13 +0900
Processing by HelloController#default as HTML
  Rendering layout layouts/application.html.erb
  Rendering hello/default.html.erb within layouts/application
  Rendered hello/default.html.erb within layouts/application (Duration: 0.1ms | Allocations: 46)
[Webpacker] Everything's up-to-date. Nothing to do
  Rendered layout layouts/application.html.erb (Duration: 3.7ms | Allocations: 3592)
Completed 200 OK in 4ms (Views: 4.0ms | Allocations: 3974)


Started GET "/default" for ::1 at 2021-06-02 13:50:14 +0900
Processing by HelloController#default as HTML
  Rendering layout layouts/application.html.erb
  Rendering hello/default.html.erb within layouts/application
  Rendered hello/default.html.erb within layouts/application (Duration: 0.1ms | Allocations: 46)
[Webpacker] Everything's up-to-date. Nothing to do
  Rendered layout layouts/application.html.erb (Duration: 4.1ms | Allocations: 3592)
Completed 200 OK in 5ms (Views: 4.4ms | Allocations: 3969)


Started GET "/default" for ::1 at 2021-06-02 13:50:14 +0900
Processing by HelloController#default as HTML
  Rendering layout layouts/application.html.erb
  Rendering hello/default.html.erb within layouts/application
  Rendered hello/default.html.erb within layouts/application (Duration: 0.1ms | Allocations: 46)
[Webpacker] Everything's up-to-date. Nothing to do
  Rendered layout layouts/application.html.erb (Duration: 3.8ms | Allocations: 3590)
Completed 200 OK in 5ms (Views: 4.2ms | Allocations: 3967)


Started GET "/default" for ::1 at 2021-06-02 13:50:15 +0900
Processing by HelloController#default as HTML
  Rendering layout layouts/application.html.erb
  Rendering hello/default.html.erb within layouts/application
  Rendered hello/default.html.erb within layouts/application (Duration: 0.1ms | Allocations: 46)
[Webpacker] Everything's up-to-date. Nothing to do
  Rendered layout layouts/application.html.erb (Duration: 3.9ms | Allocations: 3592)
Completed 200 OK in 5ms (Views: 4.2ms | Allocations: 3974)


DEPRECATION WARNING: Using a dynamic :controller segment in a route is deprecated and will be removed in Rails 6.2. (called from block in <main> at /goinfre/huchoi/test_server/server/config/routes.rb:6)
DEPRECATION WARNING: Using a dynamic :action segment in a route is deprecated and will be removed in Rails 6.2. (called from block in <main> at /goinfre/huchoi/test_server/server/config/routes.rb:6)
Started GET "/default" for ::1 at 2021-06-02 13:50:26 +0900
DEPRECATION WARNING: Using a dynamic :controller segment in a route is deprecated and will be removed in Rails 6.2. (called from block in <main> at /goinfre/huchoi/test_server/server/config/routes.rb:6)
DEPRECATION WARNING: Using a dynamic :action segment in a route is deprecated and will be removed in Rails 6.2. (called from block in <main> at /goinfre/huchoi/test_server/server/config/routes.rb:6)
  
ActionController::RoutingError (No route matches [GET] "/default"):
  
DEPRECATION WARNING: Using a dynamic :controller segment in a route is deprecated and will be removed in Rails 6.2. (called from block in <main> at /goinfre/huchoi/test_server/server/config/routes.rb:6)
DEPRECATION WARNING: Using a dynamic :action segment in a route is deprecated and will be removed in Rails 6.2. (called from block in <main> at /goinfre/huchoi/test_server/server/config/routes.rb:6)
Started GET "/default" for ::1 at 2021-06-02 13:50:46 +0900
DEPRECATION WARNING: Using a dynamic :controller segment in a route is deprecated and will be removed in Rails 6.2. (called from block in <main> at /goinfre/huchoi/test_server/server/config/routes.rb:6)
DEPRECATION WARNING: Using a dynamic :action segment in a route is deprecated and will be removed in Rails 6.2. (called from block in <main> at /goinfre/huchoi/test_server/server/config/routes.rb:6)
Processing by HelloController#default as HTML
  Rendering layout layouts/application.html.erb
  Rendering hello/default.html.erb within layouts/application
  Rendered hello/default.html.erb within layouts/application (Duration: 0.3ms | Allocations: 138)
[Webpacker] Everything's up-to-date. Nothing to do
  Rendered layout layouts/application.html.erb (Duration: 4.2ms | Allocations: 3846)
Completed 200 OK in 6ms (Views: 5.5ms | Allocations: 4939)


DEPRECATION WARNING: Using a dynamic :controller segment in a route is deprecated and will be removed in Rails 6.2. (called from block in <main> at /goinfre/huchoi/test_server/server/config/routes.rb:6)
DEPRECATION WARNING: Using a dynamic :action segment in a route is deprecated and will be removed in Rails 6.2. (called from block in <main> at /goinfre/huchoi/test_server/server/config/routes.rb:6)
DEPRECATION WARNING: Using a dynamic :controller segment in a route is deprecated and will be removed in Rails 6.2. (called from block in <main> at /goinfre/huchoi/test_server/server/config/routes.rb:6)
DEPRECATION WARNING: Using a dynamic :action segment in a route is deprecated and will be removed in Rails 6.2. (called from block in <main> at /goinfre/huchoi/test_server/server/config/routes.rb:6)
DEPRECATION WARNING: Using a dynamic :controller segment in a route is deprecated and will be removed in Rails 6.2. (called from block in <main> at /goinfre/huchoi/test_server/server/config/routes.rb:7)
DEPRECATION WARNING: Using a dynamic :action segment in a route is deprecated and will be removed in Rails 6.2. (called from block in <main> at /goinfre/huchoi/test_server/server/config/routes.rb:7)
DEPRECATION WARNING: Using a dynamic :controller segment in a route is deprecated and will be removed in Rails 6.2. (called from block in <main> at /goinfre/huchoi/test_server/server/config/routes.rb:7)
DEPRECATION WARNING: Using a dynamic :action segment in a route is deprecated and will be removed in Rails 6.2. (called from block in <main> at /goinfre/huchoi/test_server/server/config/routes.rb:7)
  [1m[35m (0.3ms)[0m  [1m[34mSELECT sqlite_version(*)[0m
  [1m[35m (6.5ms)[0m  [1m[35mCREATE TABLE "schema_migrations" ("version" varchar NOT NULL PRIMARY KEY)[0m
  [1m[35m (1.1ms)[0m  [1m[35mCREATE TABLE "ar_internal_metadata" ("key" varchar NOT NULL PRIMARY KEY, "value" varchar, "created_at" datetime(6) NOT NULL, "updated_at" datetime(6) NOT NULL)[0m
  [1m[35m (0.1ms)[0m  [1m[34mSELECT "schema_migrations"."version" FROM "schema_migrations" ORDER BY "schema_migrations"."version" ASC[0m
Migrating to CreateBooks (20210602061212)
  [1m[36mTRANSACTION (0.1ms)[0m  [1m[36mbegin transaction[0m
  [1m[35m (0.3ms)[0m  [1m[35mCREATE TABLE "books" ("id" integer PRIMARY KEY AUTOINCREMENT NOT NULL, "isbn" varchar, "price" integer, "publish" varchar, "published" date, "cd" boolean, "created_at" datetime(6) NOT NULL, "updated_at" datetime(6) NOT NULL)[0m
  [1m[36mActiveRecord::SchemaMigration Create (0.1ms)[0m  [1m[32mINSERT INTO "schema_migrations" ("version") VALUES (?)[0m  [["version", "20210602061212"]]
  [1m[36mTRANSACTION (0.5ms)[0m  [1m[36mcommit transaction[0m
  [1m[36mActiveRecord::InternalMetadata Load (0.1ms)[0m  [1m[34mSELECT "ar_internal_metadata".* FROM "ar_internal_metadata" WHERE "ar_internal_metadata"."key" = ? LIMIT ?[0m  [["key", "environment"], ["LIMIT", 1]]
  [1m[36mTRANSACTION (0.1ms)[0m  [1m[36mbegin transaction[0m
  [1m[36mActiveRecord::InternalMetadata Create (0.3ms)[0m  [1m[32mINSERT INTO "ar_internal_metadata" ("key", "value", "created_at", "updated_at") VALUES (?, ?, ?, ?)[0m  [["key", "environment"], ["value", "development"], ["created_at", "2021-06-02 06:18:21.140130"], ["updated_at", "2021-06-02 06:18:21.140130"]]
  [1m[36mTRANSACTION (0.4ms)[0m  [1m[36mcommit transaction[0m
  [1m[35m (0.0ms)[0m  [1m[34mSELECT sqlite_version(*)[0m
  [1m[35m (0.1ms)[0m  [1m[34mSELECT "schema_migrations"."version" FROM "schema_migrations" ORDER BY "schema_migrations"."version" ASC[0m
DEPRECATION WARNING: Using a dynamic :controller segment in a route is deprecated and will be removed in Rails 6.2. (called from block in <main> at /goinfre/huchoi/test_server/server/config/routes.rb:7)
DEPRECATION WARNING: Using a dynamic :action segment in a route is deprecated and will be removed in Rails 6.2. (called from block in <main> at /goinfre/huchoi/test_server/server/config/routes.rb:7)
Started GET "/" for ::1 at 2021-06-02 15:19:12 +0900
  [1m[35m (0.3ms)[0m  [1m[34mSELECT sqlite_version(*)[0m
  [1m[35m (0.1ms)[0m  [1m[34mSELECT "schema_migrations"."version" FROM "schema_migrations" ORDER BY "schema_migrations"."version" ASC[0m
  
ActionController::RoutingError (uninitialized constant HelloController):
  
DEPRECATION WARNING: Using a dynamic :controller segment in a route is deprecated and will be removed in Rails 6.2. (called from block in <main> at /goinfre/huchoi/test_server/server/config/routes.rb:7)
DEPRECATION WARNING: Using a dynamic :action segment in a route is deprecated and will be removed in Rails 6.2. (called from block in <main> at /goinfre/huchoi/test_server/server/config/routes.rb:7)
Started GET "/" for ::1 at 2021-06-02 15:19:28 +0900
DEPRECATION WARNING: Using a dynamic :controller segment in a route is deprecated and will be removed in Rails 6.2. (called from block in <main> at /goinfre/huchoi/test_server/server/config/routes.rb:7)
DEPRECATION WARNING: Using a dynamic :action segment in a route is deprecated and will be removed in Rails 6.2. (called from block in <main> at /goinfre/huchoi/test_server/server/config/routes.rb:7)
Processing by Rails::WelcomeController#index as HTML
  Rendering /Users/huchoi/.rvm/gems/ruby-2.7.3/gems/railties-6.1.3.2/lib/rails/templates/rails/welcome/index.html.erb
  Rendered /Users/huchoi/.rvm/gems/ruby-2.7.3/gems/railties-6.1.3.2/lib/rails/templates/rails/welcome/index.html.erb (Duration: 11.3ms | Allocations: 219)
Completed 200 OK in 14ms (Views: 12.0ms | Allocations: 1763)


Started GET "/books" for ::1 at 2021-06-02 15:19:33 +0900
Processing by BooksController#index as HTML
  Rendering layout layouts/application.html.erb
  Rendering books/index.html.erb within layouts/application
  [1m[35m (0.1ms)[0m  [1m[34mSELECT sqlite_version(*)[0m
  ↳ app/views/books/index.html.erb:18
  [1m[36mBook Load (0.1ms)[0m  [1m[34mSELECT "books".* FROM "books"[0m
  ↳ app/views/books/index.html.erb:18
  Rendered books/index.html.erb within layouts/application (Duration: 3.6ms | Allocations: 1808)
[Webpacker] Everything's up-to-date. Nothing to do
  Rendered layout layouts/application.html.erb (Duration: 32.9ms | Allocations: 20475)
Completed 200 OK in 38ms (Views: 36.0ms | ActiveRecord: 0.3ms | Allocations: 22483)


Started GET "/books/new" for ::1 at 2021-06-02 15:19:37 +0900
Processing by BooksController#new as HTML
  Rendering layout layouts/application.html.erb
  Rendering books/new.html.erb within layouts/application
  Rendered books/_form.html.erb (Duration: 26.2ms | Allocations: 7476)
  Rendered books/new.html.erb within layouts/application (Duration: 27.1ms | Allocations: 7828)
[Webpacker] Everything's up-to-date. Nothing to do
  Rendered layout layouts/application.html.erb (Duration: 31.0ms | Allocations: 11311)
Completed 200 OK in 38ms (Views: 31.3ms | ActiveRecord: 0.4ms | Allocations: 16752)


Started GET "/books/index" for ::1 at 2021-06-02 15:22:13 +0900
Processing by BooksController#show as HTML
  Parameters: {"id"=>"index"}
  [1m[36mBook Load (0.1ms)[0m  [1m[34mSELECT "books".* FROM "books" WHERE "books"."id" = ? LIMIT ?[0m  [["id", nil], ["LIMIT", 1]]
  ↳ app/controllers/books_controller.rb:62:in `set_book'
Completed 404 Not Found in 7ms (ActiveRecord: 0.1ms | Allocations: 3107)


  
ActiveRecord::RecordNotFound (Couldn't find Book with 'id'=index):
  
app/controllers/books_controller.rb:62:in `set_book'
Started GET "/books/1" for ::1 at 2021-06-02 15:22:27 +0900
Processing by BooksController#show as HTML
  Parameters: {"id"=>"1"}
  [1m[36mBook Load (0.1ms)[0m  [1m[34mSELECT "books".* FROM "books" WHERE "books"."id" = ? LIMIT ?[0m  [["id", 1], ["LIMIT", 1]]
  ↳ app/controllers/books_controller.rb:62:in `set_book'
Completed 404 Not Found in 2ms (ActiveRecord: 0.1ms | Allocations: 1106)


  
ActiveRecord::RecordNotFound (Couldn't find Book with 'id'=1):
  
app/controllers/books_controller.rb:62:in `set_book'
Started GET "/books/new" for ::1 at 2021-06-02 15:24:37 +0900
Processing by BooksController#new as HTML
  Rendering layout layouts/application.html.erb
  Rendering books/new.html.erb within layouts/application
  Rendered books/_form.html.erb (Duration: 1.7ms | Allocations: 1944)
  Rendered books/new.html.erb within layouts/application (Duration: 1.9ms | Allocations: 2050)
[Webpacker] Everything's up-to-date. Nothing to do
  Rendered layout layouts/application.html.erb (Duration: 6.8ms | Allocations: 5616)
Completed 200 OK in 8ms (Views: 7.2ms | ActiveRecord: 0.0ms | Allocations: 6024)


DEPRECATION WARNING: Using a dynamic :controller segment in a route is deprecated and will be removed in Rails 6.2. (called from block in <main> at /goinfre/huchoi/test_server/huchoi-git/rails/config/routes.rb:7)
DEPRECATION WARNING: Using a dynamic :action segment in a route is deprecated and will be removed in Rails 6.2. (called from block in <main> at /goinfre/huchoi/test_server/huchoi-git/rails/config/routes.rb:7)
