Started GET "/welcome/test" for ::1 at 2021-05-29 22:31:58 +0900
  [1m[35m (2.0ms)[0m  [1m[34mSELECT sqlite_version(*)[0m
  
ActionController::RoutingError (No route matches [GET] "/welcome/test"):
  
Started GET "/" for ::1 at 2021-05-29 22:32:03 +0900
Processing by WelcomeController#index as HTML
  Rendering layout layouts/application.html.erb
  Rendering welcome/index.html.erb within layouts/application
  Rendered welcome/index.html.erb within layouts/application (Duration: 1.2ms | Allocations: 1533)
[Webpacker] Compiling...
[Webpacker] Compiled all packs in /goinfre/huchoi-git/piscine/day04/ex01/NewCheatSheet/public/packs
[Webpacker] Though the "loose" option was set to "false" in your @babel/preset-env config, it will not be used for @babel/plugin-proposal-private-methods since the "loose" mode option was set to "true" for @babel/plugin-proposal-class-properties.
The "loose" option must be the same for @babel/plugin-proposal-class-properties, @babel/plugin-proposal-private-methods and @babel/plugin-proposal-private-property-in-object (when they are enabled): you can silence this warning by explicitly adding
	["@babel/plugin-proposal-private-methods", { "loose": true }]
to the "plugins" section of your Babel config.
Though the "loose" option was set to "false" in your @babel/preset-env config, it will not be used for @babel/plugin-proposal-private-methods since the "loose" mode option was set to "true" for @babel/plugin-proposal-class-properties.
The "loose" option must be the same for @babel/plugin-proposal-class-properties, @babel/plugin-proposal-private-methods and @babel/plugin-proposal-private-property-in-object (when they are enabled): you can silence this warning by explicitly adding
	["@babel/plugin-proposal-private-methods", { "loose": true }]
to the "plugins" section of your Babel config.
Though the "loose" option was set to "false" in your @babel/preset-env config, it will not be used for @babel/plugin-proposal-private-methods since the "loose" mode option was set to "true" for @babel/plugin-proposal-class-properties.
The "loose" option must be the same for @babel/plugin-proposal-class-properties, @babel/plugin-proposal-private-methods and @babel/plugin-proposal-private-property-in-object (when they are enabled): you can silence this warning by explicitly adding
	["@babel/plugin-proposal-private-methods", { "loose": true }]
to the "plugins" section of your Babel config.
Though the "loose" option was set to "false" in your @babel/preset-env config, it will not be used for @babel/plugin-proposal-private-methods since the "loose" mode option was set to "true" for @babel/plugin-proposal-class-properties.
The "loose" option must be the same for @babel/plugin-proposal-class-properties, @babel/plugin-proposal-private-methods and @babel/plugin-proposal-private-property-in-object (when they are enabled): you can silence this warning by explicitly adding
	["@babel/plugin-proposal-private-methods", { "loose": true }]
to the "plugins" section of your Babel config.
Though the "loose" option was set to "false" in your @babel/preset-env config, it will not be used for @babel/plugin-proposal-private-methods since the "loose" mode option was set to "true" for @babel/plugin-proposal-class-properties.
The "loose" option must be the same for @babel/plugin-proposal-class-properties, @babel/plugin-proposal-private-methods and @babel/plugin-proposal-private-property-in-object (when they are enabled): you can silence this warning by explicitly adding
	["@babel/plugin-proposal-private-methods", { "loose": true }]
to the "plugins" section of your Babel config.
Though the "loose" option was set to "false" in your @babel/preset-env config, it will not be used for @babel/plugin-proposal-private-methods since the "loose" mode option was set to "true" for @babel/plugin-proposal-class-properties.
The "loose" option must be the same for @babel/plugin-proposal-class-properties, @babel/plugin-proposal-private-methods and @babel/plugin-proposal-private-property-in-object (when they are enabled): you can silence this warning by explicitly adding
	["@babel/plugin-proposal-private-methods", { "loose": true }]
to the "plugins" section of your Babel config.

[Webpacker] Hash: e332c6419728fac579d5
Version: webpack 4.46.0
Time: 1165ms
Built at: 05/29/2021 10:32:05 PM
                                     Asset       Size       Chunks                         Chunk Names
    js/application-f826770d917d8a37c1d8.js    125 KiB  application  [emitted] [immutable]  application
js/application-f826770d917d8a37c1d8.js.map    139 KiB  application  [emitted] [dev]        application
                             manifest.json  364 bytes               [emitted]              
Entrypoint application = js/application-f826770d917d8a37c1d8.js js/application-f826770d917d8a37c1d8.js.map
[./app/javascript/channels sync recursive _channel\.js$] ./app/javascript/channels sync _channel\.js$ 160 bytes {application} [built]
[./app/javascript/channels/index.js] 211 bytes {application} [built]
[./app/javascript/packs/application.js] 492 bytes {application} [built]
[./node_modules/webpack/buildin/module.js] (webpack)/buildin/module.js 552 bytes {application} [built]
    + 3 hidden modules

  Rendered layout layouts/application.html.erb (Duration: 2418.5ms | Allocations: 19543)
Completed 200 OK in 2424ms (Views: 2419.8ms | ActiveRecord: 0.0ms | Allocations: 21856)


Started GET "/stylesheets/pygment_trac.css" for ::1 at 2021-05-29 22:32:05 +0900
  
ActionController::RoutingError (No route matches [GET] "/stylesheets/pygment_trac.css"):
  
Started GET "/stylesheets/stylesheet.css" for ::1 at 2021-05-29 22:32:05 +0900
Started GET "/javascripts/bootstrap.js" for ::1 at 2021-05-29 22:32:05 +0900
Started GET "/javascripts/jquery-1.9.1.min.js" for ::1 at 2021-05-29 22:32:05 +0900
  
ActionController::RoutingError (No route matches [GET] "/stylesheets/stylesheet.css"):
  
  
ActionController::RoutingError (No route matches [GET] "/javascripts/jquery-1.9.1.min.js"):
  
  
ActionController::RoutingError (No route matches [GET] "/javascripts/bootstrap.js"):
  
Started GET "/stylesheets/print.css" for ::1 at 2021-05-29 22:32:05 +0900
  
ActionController::RoutingError (No route matches [GET] "/stylesheets/print.css"):
  
Started GET "/javascripts/main.js" for ::1 at 2021-05-29 22:32:06 +0900
  
ActionController::RoutingError (No route matches [GET] "/javascripts/main.js"):
  
Started GET "/" for ::1 at 2021-05-29 22:32:09 +0900
Processing by WelcomeController#index as HTML
  Rendering layout layouts/application.html.erb
  Rendering welcome/index.html.erb within layouts/application
  Rendered welcome/index.html.erb within layouts/application (Duration: 0.1ms | Allocations: 38)
[Webpacker] Everything's up-to-date. Nothing to do
  Rendered layout layouts/application.html.erb (Duration: 4.9ms | Allocations: 3590)
Completed 200 OK in 6ms (Views: 5.2ms | ActiveRecord: 0.0ms | Allocations: 3969)


Started GET "/stylesheets/pygment_trac.css" for ::1 at 2021-05-29 22:32:09 +0900
  
ActionController::RoutingError (No route matches [GET] "/stylesheets/pygment_trac.css"):
  
Started GET "/stylesheets/print.css" for ::1 at 2021-05-29 22:32:09 +0900
Started GET "/javascripts/bootstrap.js" for ::1 at 2021-05-29 22:32:09 +0900
  
ActionController::RoutingError (No route matches [GET] "/javascripts/bootstrap.js"):
  
Started GET "/javascripts/main.js" for ::1 at 2021-05-29 22:32:09 +0900
Started GET "/javascripts/jquery-1.9.1.min.js" for ::1 at 2021-05-29 22:32:09 +0900
  
ActionController::RoutingError (No route matches [GET] "/stylesheets/print.css"):
  
  
ActionController::RoutingError (No route matches [GET] "/javascripts/jquery-1.9.1.min.js"):
  
  
ActionController::RoutingError (No route matches [GET] "/javascripts/main.js"):
  
Started GET "/stylesheets/stylesheet.css" for ::1 at 2021-05-29 22:32:10 +0900
  
ActionController::RoutingError (No route matches [GET] "/stylesheets/stylesheet.css"):
  
Started GET "/" for ::1 at 2021-05-29 22:35:59 +0900
Processing by WelcomeController#index as HTML
  Rendering layout layouts/application.html.erb
  Rendering welcome/index.html.erb within layouts/application
  Rendered welcome/index.html.erb within layouts/application (Duration: 1.0ms | Allocations: 1528)
[Webpacker] Everything's up-to-date. Nothing to do
  Rendered layout layouts/application.html.erb (Duration: 6.0ms | Allocations: 5508)
Completed 200 OK in 8ms (Views: 7.1ms | ActiveRecord: 0.0ms | Allocations: 6594)


Started GET "/javascripts/bootstrap.js" for ::1 at 2021-05-29 22:35:59 +0900
  
ActionController::RoutingError (No route matches [GET] "/javascripts/bootstrap.js"):
  
Started GET "/javascripts/jquery-1.9.1.min.js" for ::1 at 2021-05-29 22:35:59 +0900
Started GET "/stylesheets/pygment_trac.css" for ::1 at 2021-05-29 22:35:59 +0900
Started GET "/stylesheets/stylesheet.css" for ::1 at 2021-05-29 22:35:59 +0900
  
ActionController::RoutingError (No route matches [GET] "/javascripts/jquery-1.9.1.min.js"):
  
  
ActionController::RoutingError (No route matches [GET] "/stylesheets/pygment_trac.css"):
  
  
ActionController::RoutingError (No route matches [GET] "/stylesheets/stylesheet.css"):
  
Started GET "/stylesheets/print.css" for ::1 at 2021-05-29 22:36:00 +0900
  
ActionController::RoutingError (No route matches [GET] "/stylesheets/print.css"):
  
Started GET "/javascripts/bootstrap.js" for ::1 at 2021-05-29 22:36:00 +0900
  
ActionController::RoutingError (No route matches [GET] "/javascripts/bootstrap.js"):
  
Started GET "/javascripts/main.js" for ::1 at 2021-05-29 22:36:00 +0900
  
ActionController::RoutingError (No route matches [GET] "/javascripts/main.js"):
  
Started GET "/" for ::1 at 2021-05-29 22:36:02 +0900
Processing by WelcomeController#index as HTML
  Rendering layout layouts/application.html.erb
  Rendering welcome/index.html.erb within layouts/application
  Rendered welcome/index.html.erb within layouts/application (Duration: 0.1ms | Allocations: 38)
[Webpacker] Everything's up-to-date. Nothing to do
  Rendered layout layouts/application.html.erb (Duration: 5.2ms | Allocations: 4210)
Completed 200 OK in 6ms (Views: 5.5ms | ActiveRecord: 0.0ms | Allocations: 4589)


Started GET "/stylesheets/print.css" for ::1 at 2021-05-29 22:36:02 +0900
Started GET "/stylesheets/pygment_trac.css" for ::1 at 2021-05-29 22:36:02 +0900
Started GET "/javascripts/main.js" for ::1 at 2021-05-29 22:36:02 +0900
Started GET "/javascripts/bootstrap.js" for ::1 at 2021-05-29 22:36:02 +0900
Started GET "/stylesheets/stylesheet.css" for ::1 at 2021-05-29 22:36:02 +0900
  
ActionController::RoutingError (No route matches [GET] "/stylesheets/stylesheet.css"):
  
  
ActionController::RoutingError (No route matches [GET] "/stylesheets/print.css"):
  
  
ActionController::RoutingError (No route matches [GET] "/javascripts/bootstrap.js"):
  
  
ActionController::RoutingError (No route matches [GET] "/javascripts/main.js"):
  
  
ActionController::RoutingError (No route matches [GET] "/stylesheets/pygment_trac.css"):
  
Started GET "/javascripts/jquery-1.9.1.min.js" for ::1 at 2021-05-29 22:36:03 +0900
  
ActionController::RoutingError (No route matches [GET] "/javascripts/jquery-1.9.1.min.js"):
  
Started GET "/" for ::1 at 2021-05-29 22:36:53 +0900
Processing by WelcomeController#index as HTML
  Rendering layout layouts/application.html.erb
  Rendering welcome/index.html.erb within layouts/application
  Rendered welcome/index.html.erb within layouts/application (Duration: 0.1ms | Allocations: 38)
[Webpacker] Everything's up-to-date. Nothing to do
  Rendered layout layouts/application.html.erb (Duration: 5.7ms | Allocations: 3573)
Completed 200 OK in 7ms (Views: 6.1ms | ActiveRecord: 0.0ms | Allocations: 3954)


Started GET "/stylesheets/pygment_trac.css" for ::1 at 2021-05-29 22:36:53 +0900
  
ActionController::RoutingError (No route matches [GET] "/stylesheets/pygment_trac.css"):
  
Started GET "/stylesheets/print.css" for ::1 at 2021-05-29 22:36:53 +0900
Started GET "/stylesheets/stylesheet.css" for ::1 at 2021-05-29 22:36:53 +0900
Started GET "/javascripts/jquery-1.9.1.min.js" for ::1 at 2021-05-29 22:36:53 +0900
  
ActionController::RoutingError (No route matches [GET] "/stylesheets/print.css"):
  
Started GET "/javascripts/bootstrap.js" for ::1 at 2021-05-29 22:36:53 +0900
  
ActionController::RoutingError (No route matches [GET] "/javascripts/bootstrap.js"):
  
  
ActionController::RoutingError (No route matches [GET] "/javascripts/jquery-1.9.1.min.js"):
  
  
ActionController::RoutingError (No route matches [GET] "/stylesheets/stylesheet.css"):
  
Started GET "/javascripts/main.js" for ::1 at 2021-05-29 22:36:54 +0900
  
ActionController::RoutingError (No route matches [GET] "/javascripts/main.js"):
  
Started GET "/" for ::1 at 2021-05-29 22:36:58 +0900
Processing by WelcomeController#index as HTML
  Rendering layout layouts/application.html.erb
  Rendering welcome/index.html.erb within layouts/application
  Rendered welcome/index.html.erb within layouts/application (Duration: 0.1ms | Allocations: 38)
[Webpacker] Everything's up-to-date. Nothing to do
  Rendered layout layouts/application.html.erb (Duration: 5.5ms | Allocations: 3572)
Completed 200 OK in 6ms (Views: 5.9ms | ActiveRecord: 0.0ms | Allocations: 3951)


Started GET "/stylesheets/print.css" for ::1 at 2021-05-29 22:36:58 +0900
Started GET "/stylesheets/stylesheet.css" for ::1 at 2021-05-29 22:36:58 +0900
Started GET "/stylesheets/pygment_trac.css" for ::1 at 2021-05-29 22:36:58 +0900
  
ActionController::RoutingError (No route matches [GET] "/stylesheets/print.css"):
  
Started GET "/javascripts/jquery-1.9.1.min.js" for ::1 at 2021-05-29 22:36:58 +0900
  
ActionController::RoutingError (No route matches [GET] "/javascripts/jquery-1.9.1.min.js"):
  
  
ActionController::RoutingError (No route matches [GET] "/stylesheets/pygment_trac.css"):
  
Started GET "/javascripts/main.js" for ::1 at 2021-05-29 22:36:58 +0900
  
ActionController::RoutingError (No route matches [GET] "/stylesheets/stylesheet.css"):
  
  
ActionController::RoutingError (No route matches [GET] "/javascripts/main.js"):
  
Started GET "/javascripts/bootstrap.js" for ::1 at 2021-05-29 22:36:58 +0900
  
ActionController::RoutingError (No route matches [GET] "/javascripts/bootstrap.js"):
  
Started GET "/" for ::1 at 2021-05-29 22:39:23 +0900
Processing by WelcomeController#index as HTML
  Rendering layout layouts/application.html.erb
  Rendering welcome/index.html.erb within layouts/application
  Rendered welcome/index.html.erb within layouts/application (Duration: 1.2ms | Allocations: 1530)
[Webpacker] Everything's up-to-date. Nothing to do
  Rendered layout layouts/application.html.erb (Duration: 9.7ms | Allocations: 5509)
Completed 200 OK in 12ms (Views: 10.9ms | Allocations: 6594)


Started GET "/stylesheets/pygment_trac.css" for ::1 at 2021-05-29 22:39:23 +0900
Started GET "/javascripts/jquery-1.9.1.min.js" for ::1 at 2021-05-29 22:39:23 +0900
Started GET "/stylesheets/stylesheet.css" for ::1 at 2021-05-29 22:39:23 +0900
Started GET "/javascripts/bootstrap.js" for ::1 at 2021-05-29 22:39:23 +0900
  
ActionController::RoutingError (No route matches [GET] "/javascripts/jquery-1.9.1.min.js"):
  
  
ActionController::RoutingError (No route matches [GET] "/javascripts/bootstrap.js"):
  
  
ActionController::RoutingError (No route matches [GET] "/stylesheets/stylesheet.css"):
  
  
ActionController::RoutingError (No route matches [GET] "/stylesheets/pygment_trac.css"):
  
Started GET "/stylesheets/print.css" for ::1 at 2021-05-29 22:39:23 +0900
Started GET "/stylesheets/stylesheet.css" for ::1 at 2021-05-29 22:39:23 +0900
  
ActionController::RoutingError (No route matches [GET] "/stylesheets/print.css"):
  
  
ActionController::RoutingError (No route matches [GET] "/stylesheets/stylesheet.css"):
  
Started GET "/javascripts/jquery-1.9.1.min.js" for ::1 at 2021-05-29 22:39:23 +0900
  
ActionController::RoutingError (No route matches [GET] "/javascripts/jquery-1.9.1.min.js"):
  
Started GET "/javascripts/bootstrap.js" for ::1 at 2021-05-29 22:39:23 +0900
  
ActionController::RoutingError (No route matches [GET] "/javascripts/bootstrap.js"):
  
Started GET "/javascripts/main.js" for ::1 at 2021-05-29 22:39:23 +0900
  
ActionController::RoutingError (No route matches [GET] "/javascripts/main.js"):
  
Started GET "/console.html.erb" for ::1 at 2021-05-29 22:39:25 +0900
  
ActionController::RoutingError (No route matches [GET] "/console.html.erb"):
  
Started GET "/console.html.erb" for ::1 at 2021-05-29 22:39:54 +0900
  
ActionController::RoutingError (No route matches [GET] "/console.html.erb"):
  
Started GET "/" for ::1 at 2021-05-29 22:39:55 +0900
Processing by WelcomeController#index as HTML
  Rendering layout layouts/application.html.erb
  Rendering welcome/index.html.erb within layouts/application
  Rendered welcome/index.html.erb within layouts/application (Duration: 0.1ms | Allocations: 38)
[Webpacker] Everything's up-to-date. Nothing to do
  Rendered layout layouts/application.html.erb (Duration: 4.4ms | Allocations: 3575)
Completed 200 OK in 5ms (Views: 4.9ms | Allocations: 4069)


Started GET "/stylesheets/print.css" for ::1 at 2021-05-29 22:39:55 +0900
  
ActionController::RoutingError (No route matches [GET] "/stylesheets/print.css"):
  
Started GET "/console.html.erb" for ::1 at 2021-05-29 22:39:56 +0900
  
ActionController::RoutingError (No route matches [GET] "/console.html.erb"):
  
Started GET "/console.html.erb" for ::1 at 2021-05-29 22:40:21 +0900
  
ArgumentError (Missing :controller key on routes definition, please check your routes.):
  
config/routes.rb:3:in `block in <main>'
config/routes.rb:1:in `<main>'
Started GET "/console.html.erb" for ::1 at 2021-05-29 22:40:38 +0900
  
ArgumentError (Missing :controller key on routes definition, please check your routes.):
  
config/routes.rb:3:in `block in <main>'
config/routes.rb:1:in `<main>'
Started GET "/console.html.erb" for ::1 at 2021-05-29 22:40:39 +0900
  
ActionController::RoutingError (No route matches [GET] "/console.html.erb"):
  
Started GET "/console.html.erb" for ::1 at 2021-05-29 22:40:41 +0900
  
ActionController::RoutingError (No route matches [GET] "/console.html.erb"):
  
Started GET "/console.html.erb" for ::1 at 2021-05-29 22:40:41 +0900
  
ActionController::RoutingError (No route matches [GET] "/console.html.erb"):
  
Started GET "/console.html.erb" for ::1 at 2021-05-29 22:41:43 +0900
  
ActionController::RoutingError (No route matches [GET] "/console.html.erb"):
  
Started GET "/console.html.erb" for ::1 at 2021-05-29 22:41:44 +0900
  
ActionController::RoutingError (No route matches [GET] "/console.html.erb"):
  
Started GET "/console.html.erb" for ::1 at 2021-05-29 22:41:51 +0900
  
ActionController::RoutingError (No route matches [GET] "/console.html.erb"):
  
Started GET "/console.html.erb" for ::1 at 2021-05-29 22:42:54 +0900
  
ActionController::RoutingError (No route matches [GET] "/console.html.erb"):
  
Started GET "/console.html.erb" for ::1 at 2021-05-29 22:42:55 +0900
  
ActionController::RoutingError (No route matches [GET] "/console.html.erb"):
  
Started GET "/" for ::1 at 2021-05-29 22:42:56 +0900
Processing by WelcomeController#index as HTML
  Rendering layout layouts/application.html.erb
  Rendering welcome/index.html.erb within layouts/application
  Rendered welcome/index.html.erb within layouts/application (Duration: 1.1ms | Allocations: 1528)
[Webpacker] Everything's up-to-date. Nothing to do
  Rendered layout layouts/application.html.erb (Duration: 12.8ms | Allocations: 5469)
Completed 200 OK in 15ms (Views: 14.0ms | Allocations: 6559)


Started GET "/convention.html.erb" for ::1 at 2021-05-29 22:42:58 +0900
  
ActionController::RoutingError (No route matches [GET] "/convention.html.erb"):
  
Started GET "/" for ::1 at 2021-05-29 22:43:00 +0900
Processing by WelcomeController#index as HTML
  Rendering layout layouts/application.html.erb
  Rendering welcome/index.html.erb within layouts/application
  Rendered welcome/index.html.erb within layouts/application (Duration: 0.1ms | Allocations: 38)
[Webpacker] Everything's up-to-date. Nothing to do
  Rendered layout layouts/application.html.erb (Duration: 4.5ms | Allocations: 3572)
Completed 200 OK in 5ms (Views: 4.8ms | Allocations: 3949)


Started GET "/consol.html.erb" for ::1 at 2021-05-29 22:43:01 +0900
  
ActionController::RoutingError (No route matches [GET] "/consol.html.erb"):
  
Started GET "/consol.html.erb" for ::1 at 2021-05-29 22:45:03 +0900
  
ActionController::RoutingError (No route matches [GET] "/consol.html.erb"):
  
Started GET "/consol.html.erb" for ::1 at 2021-05-29 22:45:03 +0900
  
ActionController::RoutingError (No route matches [GET] "/consol.html.erb"):
  
Started GET "/consol.html.erb" for ::1 at 2021-05-29 22:45:04 +0900
  
ActionController::RoutingError (No route matches [GET] "/consol.html.erb"):
  
Started GET "/" for ::1 at 2021-05-29 22:45:07 +0900
Processing by WelcomeController#index as HTML
  Rendering layout layouts/application.html.erb
  Rendering welcome/index.html.erb within layouts/application
  Rendered welcome/index.html.erb within layouts/application (Duration: 0.1ms | Allocations: 38)
[Webpacker] Everything's up-to-date. Nothing to do
  Rendered layout layouts/application.html.erb (Duration: 4.0ms | Allocations: 3572)
Completed 200 OK in 5ms (Views: 4.3ms | Allocations: 3948)


Started GET "/" for ::1 at 2021-05-29 22:45:07 +0900
Processing by WelcomeController#index as HTML
  Rendering layout layouts/application.html.erb
  Rendering welcome/index.html.erb within layouts/application
  Rendered welcome/index.html.erb within layouts/application (Duration: 0.1ms | Allocations: 38)
[Webpacker] Everything's up-to-date. Nothing to do
  Rendered layout layouts/application.html.erb (Duration: 6.0ms | Allocations: 3727)
Completed 200 OK in 7ms (Views: 6.4ms | Allocations: 4127)


Started GET "/stylesheets/pygment_trac.css" for ::1 at 2021-05-29 22:45:08 +0900
Started GET "/stylesheets/print.css" for ::1 at 2021-05-29 22:45:08 +0900
Started GET "/stylesheets/stylesheet.css" for ::1 at 2021-05-29 22:45:08 +0900
  
ActionController::RoutingError (No route matches [GET] "/stylesheets/pygment_trac.css"):
  
Started GET "/javascripts/bootstrap.js" for ::1 at 2021-05-29 22:45:08 +0900
  
ActionController::RoutingError (No route matches [GET] "/stylesheets/print.css"):
  
  
ActionController::RoutingError (No route matches [GET] "/stylesheets/stylesheet.css"):
  
  
ActionController::RoutingError (No route matches [GET] "/javascripts/bootstrap.js"):
  
Started GET "/javascripts/main.js" for ::1 at 2021-05-29 22:45:08 +0900
  
ActionController::RoutingError (No route matches [GET] "/javascripts/main.js"):
  
Started GET "/javascripts/jquery-1.9.1.min.js" for ::1 at 2021-05-29 22:45:08 +0900
  
ActionController::RoutingError (No route matches [GET] "/javascripts/jquery-1.9.1.min.js"):
  
Started GET "/" for ::1 at 2021-05-29 22:45:09 +0900
Processing by WelcomeController#index as HTML
  Rendering layout layouts/application.html.erb
  Rendering welcome/index.html.erb within layouts/application
  Rendered welcome/index.html.erb within layouts/application (Duration: 0.1ms | Allocations: 38)
[Webpacker] Everything's up-to-date. Nothing to do
  Rendered layout layouts/application.html.erb (Duration: 4.5ms | Allocations: 3572)
Completed 200 OK in 5ms (Views: 4.9ms | Allocations: 3950)


Started GET "/stylesheets/pygment_trac.css" for ::1 at 2021-05-29 22:45:09 +0900
  
ActionController::RoutingError (No route matches [GET] "/stylesheets/pygment_trac.css"):
  
Started GET "/javascripts/bootstrap.js" for ::1 at 2021-05-29 22:45:09 +0900
Started GET "/javascripts/jquery-1.9.1.min.js" for ::1 at 2021-05-29 22:45:09 +0900
Started GET "/stylesheets/print.css" for ::1 at 2021-05-29 22:45:09 +0900
  
ActionController::RoutingError (No route matches [GET] "/javascripts/bootstrap.js"):
  
Started GET "/stylesheets/stylesheet.css" for ::1 at 2021-05-29 22:45:09 +0900
  
ActionController::RoutingError (No route matches [GET] "/stylesheets/print.css"):
  
  
ActionController::RoutingError (No route matches [GET] "/javascripts/jquery-1.9.1.min.js"):
  
  
ActionController::RoutingError (No route matches [GET] "/stylesheets/stylesheet.css"):
  
Started GET "/javascripts/main.js" for ::1 at 2021-05-29 22:45:10 +0900
  
ActionController::RoutingError (No route matches [GET] "/javascripts/main.js"):
  
Started GET "/resources.html" for ::1 at 2021-05-29 22:45:12 +0900
  
ActionController::RoutingError (No route matches [GET] "/resources.html"):
  
Started GET "/" for ::1 at 2021-05-29 22:45:13 +0900
Processing by WelcomeController#index as HTML
  Rendering layout layouts/application.html.erb
  Rendering welcome/index.html.erb within layouts/application
  Rendered welcome/index.html.erb within layouts/application (Duration: 0.1ms | Allocations: 38)
[Webpacker] Everything's up-to-date. Nothing to do
  Rendered layout layouts/application.html.erb (Duration: 4.2ms | Allocations: 3588)
Completed 200 OK in 5ms (Views: 4.8ms | Allocations: 4067)


Started GET "/" for ::1 at 2021-05-29 22:45:13 +0900
Processing by WelcomeController#index as HTML
  Rendering layout layouts/application.html.erb
  Rendering welcome/index.html.erb within layouts/application
  Rendered welcome/index.html.erb within layouts/application (Duration: 0.1ms | Allocations: 38)
[Webpacker] Everything's up-to-date. Nothing to do
  Rendered layout layouts/application.html.erb (Duration: 3.8ms | Allocations: 3561)
Completed 200 OK in 4ms (Views: 4.1ms | Allocations: 3935)


Started GET "/stylesheets/pygment_trac.css" for ::1 at 2021-05-29 22:45:13 +0900
Started GET "/stylesheets/stylesheet.css" for ::1 at 2021-05-29 22:45:13 +0900
  
ActionController::RoutingError (No route matches [GET] "/stylesheets/stylesheet.css"):
  
  
ActionController::RoutingError (No route matches [GET] "/stylesheets/pygment_trac.css"):
  
Started GET "/javascripts/main.js" for ::1 at 2021-05-29 22:45:13 +0900
Started GET "/javascripts/jquery-1.9.1.min.js" for ::1 at 2021-05-29 22:45:13 +0900
Started GET "/javascripts/bootstrap.js" for ::1 at 2021-05-29 22:45:13 +0900
  
ActionController::RoutingError (No route matches [GET] "/javascripts/jquery-1.9.1.min.js"):
  
  
ActionController::RoutingError (No route matches [GET] "/javascripts/main.js"):
  
  
ActionController::RoutingError (No route matches [GET] "/javascripts/bootstrap.js"):
  
Started GET "/stylesheets/print.css" for ::1 at 2021-05-29 22:45:14 +0900
  
ActionController::RoutingError (No route matches [GET] "/stylesheets/print.css"):
  
Started GET "/javascripts/bootstrap.js" for ::1 at 2021-05-29 22:45:14 +0900
  
ActionController::RoutingError (No route matches [GET] "/javascripts/bootstrap.js"):
  
Started GET "/javascripts/main.js" for ::1 at 2021-05-29 22:45:14 +0900
  
ActionController::RoutingError (No route matches [GET] "/javascripts/main.js"):
  
Started GET "/" for ::1 at 2021-05-29 22:45:15 +0900
Processing by WelcomeController#index as HTML
  Rendering layout layouts/application.html.erb
  Rendering welcome/index.html.erb within layouts/application
  Rendered welcome/index.html.erb within layouts/application (Duration: 0.1ms | Allocations: 38)
[Webpacker] Everything's up-to-date. Nothing to do
  Rendered layout layouts/application.html.erb (Duration: 5.0ms | Allocations: 4207)
Completed 200 OK in 6ms (Views: 5.3ms | Allocations: 4585)


Started GET "/stylesheets/pygment_trac.css" for ::1 at 2021-05-29 22:45:16 +0900
Started GET "/stylesheets/print.css" for ::1 at 2021-05-29 22:45:16 +0900
Started GET "/stylesheets/stylesheet.css" for ::1 at 2021-05-29 22:45:16 +0900
Started GET "/javascripts/main.js" for ::1 at 2021-05-29 22:45:16 +0900
Started GET "/javascripts/bootstrap.js" for ::1 at 2021-05-29 22:45:16 +0900
  
ActionController::RoutingError (No route matches [GET] "/stylesheets/print.css"):
  
  
ActionController::RoutingError (No route matches [GET] "/stylesheets/pygment_trac.css"):
  
  
ActionController::RoutingError (No route matches [GET] "/stylesheets/stylesheet.css"):
  
  
ActionController::RoutingError (No route matches [GET] "/javascripts/bootstrap.js"):
  
  
ActionController::RoutingError (No route matches [GET] "/javascripts/main.js"):
  
Started GET "/javascripts/jquery-1.9.1.min.js" for ::1 at 2021-05-29 22:45:16 +0900
  
ActionController::RoutingError (No route matches [GET] "/javascripts/jquery-1.9.1.min.js"):
  
Started GET "/" for ::1 at 2021-05-29 22:45:17 +0900
Processing by WelcomeController#index as HTML
  Rendering layout layouts/application.html.erb
  Rendering welcome/index.html.erb within layouts/application
  Rendered welcome/index.html.erb within layouts/application (Duration: 0.1ms | Allocations: 38)
[Webpacker] Everything's up-to-date. Nothing to do
  Rendered layout layouts/application.html.erb (Duration: 4.8ms | Allocations: 3572)
Completed 200 OK in 6ms (Views: 5.2ms | Allocations: 3950)


Started GET "/stylesheets/pygment_trac.css" for ::1 at 2021-05-29 22:45:17 +0900
Started GET "/stylesheets/print.css" for ::1 at 2021-05-29 22:45:17 +0900
  
ActionController::RoutingError (No route matches [GET] "/stylesheets/print.css"):
  
Started GET "/stylesheets/stylesheet.css" for ::1 at 2021-05-29 22:45:17 +0900
Started GET "/javascripts/bootstrap.js" for ::1 at 2021-05-29 22:45:17 +0900
Started GET "/javascripts/jquery-1.9.1.min.js" for ::1 at 2021-05-29 22:45:17 +0900
  
ActionController::RoutingError (No route matches [GET] "/stylesheets/pygment_trac.css"):
  
  
ActionController::RoutingError (No route matches [GET] "/javascripts/bootstrap.js"):
  
  
ActionController::RoutingError (No route matches [GET] "/stylesheets/stylesheet.css"):
  
  
ActionController::RoutingError (No route matches [GET] "/javascripts/jquery-1.9.1.min.js"):
  
Started GET "/javascripts/main.js" for ::1 at 2021-05-29 22:45:18 +0900
  
ActionController::RoutingError (No route matches [GET] "/javascripts/main.js"):
  
Started GET "/consol.html.erb" for ::1 at 2021-05-29 22:45:19 +0900
  
ActionController::RoutingError (No route matches [GET] "/consol.html.erb"):
  
Started GET "/consol.html.erb" for ::1 at 2021-05-29 22:47:38 +0900
  
ArgumentError (Missing :controller key on routes definition, please check your routes.):
  
config/routes.rb:7:in `block in <main>'
config/routes.rb:1:in `<main>'
Started GET "/" for ::1 at 2021-05-29 22:47:40 +0900
  
ActionController::RoutingError (No route matches [GET] "/"):
  
Started GET "/" for ::1 at 2021-05-29 22:47:46 +0900
  
ActionController::RoutingError (No route matches [GET] "/"):
  
Started GET "/" for ::1 at 2021-05-29 22:47:56 +0900
Processing by WelcomeController#index as HTML
  Rendering layout layouts/application.html.erb
  Rendering welcome/index.html.erb within layouts/application
  Rendered welcome/index.html.erb within layouts/application (Duration: 0.1ms | Allocations: 38)
[Webpacker] Everything's up-to-date. Nothing to do
  Rendered layout layouts/application.html.erb (Duration: 4.2ms | Allocations: 3575)
Completed 200 OK in 5ms (Views: 4.7ms | Allocations: 4070)


Started GET "/stylesheets/pygment_trac.css" for ::1 at 2021-05-29 22:47:56 +0900
Started GET "/javascripts/bootstrap.js" for ::1 at 2021-05-29 22:47:56 +0900
Started GET "/javascripts/jquery-1.9.1.min.js" for ::1 at 2021-05-29 22:47:56 +0900
  
ActionController::RoutingError (No route matches [GET] "/javascripts/bootstrap.js"):
  
  
ActionController::RoutingError (No route matches [GET] "/stylesheets/pygment_trac.css"):
  
Started GET "/stylesheets/stylesheet.css" for ::1 at 2021-05-29 22:47:56 +0900
  
ActionController::RoutingError (No route matches [GET] "/javascripts/jquery-1.9.1.min.js"):
  
  
ActionController::RoutingError (No route matches [GET] "/stylesheets/stylesheet.css"):
  
Started GET "/stylesheets/stylesheet.css" for ::1 at 2021-05-29 22:47:56 +0900
Started GET "/stylesheets/print.css" for ::1 at 2021-05-29 22:47:56 +0900
  
ActionController::RoutingError (No route matches [GET] "/stylesheets/print.css"):
  
  
ActionController::RoutingError (No route matches [GET] "/stylesheets/stylesheet.css"):
  
Started GET "/javascripts/jquery-1.9.1.min.js" for ::1 at 2021-05-29 22:47:56 +0900
  
ActionController::RoutingError (No route matches [GET] "/javascripts/jquery-1.9.1.min.js"):
  
Started GET "/javascripts/bootstrap.js" for ::1 at 2021-05-29 22:47:56 +0900
  
ActionController::RoutingError (No route matches [GET] "/javascripts/bootstrap.js"):
  
Started GET "/javascripts/main.js" for ::1 at 2021-05-29 22:47:56 +0900
  
ActionController::RoutingError (No route matches [GET] "/javascripts/main.js"):
  
Started GET "/" for ::1 at 2021-05-29 22:48:09 +0900
  
ArgumentError (Invalid route name, already in use: 'root' 
You may have defined two routes with the same name using the `:as` option, or you may be overriding a route already defined by a resource with the same naming. For the latter, you can restrict the routes created with `resources` as explained here: 
https://guides.rubyonrails.org/routing.html#restricting-the-routes-created):
  
config/routes.rb:8:in `block in <main>'
config/routes.rb:1:in `<main>'
Started GET "/" for ::1 at 2021-05-29 22:48:31 +0900
Processing by WelcomeController#index as HTML
  Rendering layout layouts/application.html.erb
  Rendering welcome/index.html.erb within layouts/application
  Rendered welcome/index.html.erb within layouts/application (Duration: 0.1ms | Allocations: 38)
[Webpacker] Everything's up-to-date. Nothing to do
  Rendered layout layouts/application.html.erb (Duration: 3.8ms | Allocations: 3575)
Completed 200 OK in 5ms (Views: 4.3ms | Allocations: 4070)


Started GET "/stylesheets/pygment_trac.css" for ::1 at 2021-05-29 22:48:32 +0900
Started GET "/stylesheets/stylesheet.css" for ::1 at 2021-05-29 22:48:32 +0900
Started GET "/javascripts/jquery-1.9.1.min.js" for ::1 at 2021-05-29 22:48:32 +0900
Started GET "/javascripts/main.js" for ::1 at 2021-05-29 22:48:32 +0900
Started GET "/javascripts/bootstrap.js" for ::1 at 2021-05-29 22:48:32 +0900
  
ActionController::RoutingError (No route matches [GET] "/stylesheets/stylesheet.css"):
  
  
ActionController::RoutingError (No route matches [GET] "/stylesheets/pygment_trac.css"):
  
  
ActionController::RoutingError (No route matches [GET] "/javascripts/jquery-1.9.1.min.js"):
  
  
ActionController::RoutingError (No route matches [GET] "/javascripts/main.js"):
  
  
ActionController::RoutingError (No route matches [GET] "/javascripts/bootstrap.js"):
  
Started GET "/stylesheets/print.css" for ::1 at 2021-05-29 22:48:32 +0900
Started GET "/stylesheets/stylesheet.css" for ::1 at 2021-05-29 22:48:32 +0900
  
ActionController::RoutingError (No route matches [GET] "/stylesheets/print.css"):
  
  
ActionController::RoutingError (No route matches [GET] "/stylesheets/stylesheet.css"):
  
Started GET "/javascripts/jquery-1.9.1.min.js" for ::1 at 2021-05-29 22:48:32 +0900
  
ActionController::RoutingError (No route matches [GET] "/javascripts/jquery-1.9.1.min.js"):
  
Started GET "/javascripts/bootstrap.js" for ::1 at 2021-05-29 22:48:32 +0900
  
ActionController::RoutingError (No route matches [GET] "/javascripts/bootstrap.js"):
  
Started GET "/javascripts/main.js" for ::1 at 2021-05-29 22:48:32 +0900
  
ActionController::RoutingError (No route matches [GET] "/javascripts/main.js"):
  
Started GET "/consol.html.erb" for ::1 at 2021-05-29 22:48:35 +0900
  
ActionController::RoutingError (No route matches [GET] "/consol.html.erb"):
  
Started GET "/consol.html.erb" for ::1 at 2021-05-29 22:48:45 +0900
  
ArgumentError (Missing :action key on routes definition, please check your routes.):
  
config/routes.rb:7:in `block in <main>'
config/routes.rb:1:in `<main>'
Started GET "/consol.html.erb" for ::1 at 2021-05-29 22:51:33 +0900
  
ActionController::RoutingError (No route matches [GET] "/consol.html.erb"):
  
Started GET "/" for ::1 at 2021-05-29 22:51:34 +0900
Processing by WelcomeController#index as HTML
  Rendering layout layouts/application.html.erb
  Rendering welcome/index.html.erb within layouts/application
  Rendered welcome/index.html.erb within layouts/application (Duration: 0.1ms | Allocations: 38)
[Webpacker] Everything's up-to-date. Nothing to do
  Rendered layout layouts/application.html.erb (Duration: 3.6ms | Allocations: 3575)
Completed 200 OK in 4ms (Views: 4.1ms | Allocations: 4070)


Started GET "/" for ::1 at 2021-05-29 22:51:36 +0900
Processing by WelcomeController#index as HTML
  Rendering layout layouts/application.html.erb
  Rendering welcome/index.html.erb within layouts/application
  Rendered welcome/index.html.erb within layouts/application (Duration: 0.1ms | Allocations: 38)
[Webpacker] Everything's up-to-date. Nothing to do
  Rendered layout layouts/application.html.erb (Duration: 3.7ms | Allocations: 3572)
Completed 200 OK in 4ms (Views: 4.0ms | Allocations: 3948)


Started GET "/stylesheets/pygment_trac.css" for ::1 at 2021-05-29 22:51:36 +0900
Started GET "/javascripts/jquery-1.9.1.min.js" for ::1 at 2021-05-29 22:51:36 +0900
  
ActionController::RoutingError (No route matches [GET] "/stylesheets/pygment_trac.css"):
  
Started GET "/stylesheets/stylesheet.css" for ::1 at 2021-05-29 22:51:36 +0900
  
ActionController::RoutingError (No route matches [GET] "/stylesheets/stylesheet.css"):
  
Started GET "/javascripts/bootstrap.js" for ::1 at 2021-05-29 22:51:36 +0900
Started GET "/javascripts/main.js" for ::1 at 2021-05-29 22:51:36 +0900
  
ActionController::RoutingError (No route matches [GET] "/javascripts/jquery-1.9.1.min.js"):
  
  
ActionController::RoutingError (No route matches [GET] "/javascripts/bootstrap.js"):
  
  
ActionController::RoutingError (No route matches [GET] "/javascripts/main.js"):
  
Started GET "/stylesheets/print.css" for ::1 at 2021-05-29 22:51:36 +0900
Started GET "/stylesheets/stylesheet.css" for ::1 at 2021-05-29 22:51:36 +0900
  
ActionController::RoutingError (No route matches [GET] "/stylesheets/print.css"):
  
  
ActionController::RoutingError (No route matches [GET] "/stylesheets/stylesheet.css"):
  
Started GET "/javascripts/jquery-1.9.1.min.js" for ::1 at 2021-05-29 22:51:37 +0900
  
ActionController::RoutingError (No route matches [GET] "/javascripts/jquery-1.9.1.min.js"):
  
Started GET "/javascripts/bootstrap.js" for ::1 at 2021-05-29 22:51:37 +0900
  
ActionController::RoutingError (No route matches [GET] "/javascripts/bootstrap.js"):
  
Started GET "/javascripts/main.js" for ::1 at 2021-05-29 22:51:37 +0900
  
ActionController::RoutingError (No route matches [GET] "/javascripts/main.js"):
  
Started GET "/consol.html.erb" for ::1 at 2021-05-29 22:51:38 +0900
  
ActionController::RoutingError (No route matches [GET] "/consol.html.erb"):
  
Started GET "/consol.html.erb" for ::1 at 2021-05-29 22:52:02 +0900
  
ActionController::RoutingError (No route matches [GET] "/consol.html.erb"):
  
Started GET "/" for ::1 at 2021-05-29 22:52:03 +0900
Processing by WelcomeController#index as HTML
  Rendering layout layouts/application.html.erb
  Rendering welcome/index.html.erb within layouts/application
  Rendered welcome/index.html.erb within layouts/application (Duration: 0.1ms | Allocations: 38)
[Webpacker] Everything's up-to-date. Nothing to do
  Rendered layout layouts/application.html.erb (Duration: 4.8ms | Allocations: 3575)
Completed 200 OK in 6ms (Views: 5.5ms | Allocations: 4069)


Started GET "/javascripts/main.js" for ::1 at 2021-05-29 22:52:03 +0900
  
ActionController::RoutingError (No route matches [GET] "/javascripts/main.js"):
  
Started GET "/" for ::1 at 2021-05-29 22:52:05 +0900
Processing by WelcomeController#index as HTML
  Rendering layout layouts/application.html.erb
  Rendering welcome/index.html.erb within layouts/application
  Rendered welcome/index.html.erb within layouts/application (Duration: 0.1ms | Allocations: 38)
[Webpacker] Everything's up-to-date. Nothing to do
  Rendered layout layouts/application.html.erb (Duration: 3.6ms | Allocations: 3561)
Completed 200 OK in 4ms (Views: 3.9ms | Allocations: 3937)


Started GET "/stylesheets/pygment_trac.css" for ::1 at 2021-05-29 22:52:05 +0900
Started GET "/stylesheets/stylesheet.css" for ::1 at 2021-05-29 22:52:05 +0900
Started GET "/javascripts/jquery-1.9.1.min.js" for ::1 at 2021-05-29 22:52:05 +0900
  
ActionController::RoutingError (No route matches [GET] "/stylesheets/stylesheet.css"):
  
Started GET "/javascripts/bootstrap.js" for ::1 at 2021-05-29 22:52:05 +0900
Started GET "/javascripts/main.js" for ::1 at 2021-05-29 22:52:05 +0900
  
ActionController::RoutingError (No route matches [GET] "/stylesheets/pygment_trac.css"):
  
  
ActionController::RoutingError (No route matches [GET] "/javascripts/jquery-1.9.1.min.js"):
  
  
ActionController::RoutingError (No route matches [GET] "/javascripts/bootstrap.js"):
  
  
ActionController::RoutingError (No route matches [GET] "/javascripts/main.js"):
  
Started GET "/stylesheets/stylesheet.css" for ::1 at 2021-05-29 22:52:05 +0900
Started GET "/stylesheets/print.css" for ::1 at 2021-05-29 22:52:05 +0900
  
ActionController::RoutingError (No route matches [GET] "/stylesheets/stylesheet.css"):
  
  
ActionController::RoutingError (No route matches [GET] "/stylesheets/print.css"):
  
Started GET "/javascripts/jquery-1.9.1.min.js" for ::1 at 2021-05-29 22:52:05 +0900
  
ActionController::RoutingError (No route matches [GET] "/javascripts/jquery-1.9.1.min.js"):
  
Started GET "/javascripts/bootstrap.js" for ::1 at 2021-05-29 22:52:05 +0900
  
ActionController::RoutingError (No route matches [GET] "/javascripts/bootstrap.js"):
  
Started GET "/javascripts/main.js" for ::1 at 2021-05-29 22:52:05 +0900
  
ActionController::RoutingError (No route matches [GET] "/javascripts/main.js"):
  
Started GET "/" for ::1 at 2021-05-29 22:54:22 +0900
Processing by WelcomeController#index as HTML
  Rendering layout layouts/application.html.erb
  Rendering welcome/index.html.erb within layouts/application
  Rendered welcome/index.html.erb within layouts/application (Duration: 1.1ms | Allocations: 1528)
[Webpacker] Everything's up-to-date. Nothing to do
  Rendered layout layouts/application.html.erb (Duration: 5.1ms | Allocations: 5507)
Completed 200 OK in 7ms (Views: 6.3ms | Allocations: 6591)


Started GET "/stylesheets/pygment_trac.css" for ::1 at 2021-05-29 22:54:22 +0900
Started GET "/stylesheets/stylesheet.css" for ::1 at 2021-05-29 22:54:22 +0900
  
ActionController::RoutingError (No route matches [GET] "/stylesheets/stylesheet.css"):
  
Started GET "/javascripts/bootstrap.js" for ::1 at 2021-05-29 22:54:22 +0900
Started GET "/javascripts/jquery-1.9.1.min.js" for ::1 at 2021-05-29 22:54:22 +0900
  
ActionController::RoutingError (No route matches [GET] "/javascripts/bootstrap.js"):
  
  
ActionController::RoutingError (No route matches [GET] "/stylesheets/pygment_trac.css"):
  
  
ActionController::RoutingError (No route matches [GET] "/javascripts/jquery-1.9.1.min.js"):
  
Started GET "/stylesheets/print.css" for ::1 at 2021-05-29 22:54:22 +0900
Started GET "/stylesheets/stylesheet.css" for ::1 at 2021-05-29 22:54:22 +0900
  
ActionController::RoutingError (No route matches [GET] "/stylesheets/print.css"):
  
  
ActionController::RoutingError (No route matches [GET] "/stylesheets/stylesheet.css"):
  
Started GET "/javascripts/jquery-1.9.1.min.js" for ::1 at 2021-05-29 22:54:22 +0900
  
ActionController::RoutingError (No route matches [GET] "/javascripts/jquery-1.9.1.min.js"):
  
Started GET "/javascripts/bootstrap.js" for ::1 at 2021-05-29 22:54:22 +0900
  
ActionController::RoutingError (No route matches [GET] "/javascripts/bootstrap.js"):
  
Started GET "/javascripts/main.js" for ::1 at 2021-05-29 22:54:22 +0900
  
ActionController::RoutingError (No route matches [GET] "/javascripts/main.js"):
  
Started GET "/consol.html" for ::1 at 2021-05-29 22:54:23 +0900
  
ActionController::RoutingError (No route matches [GET] "/consol.html"):
  
Started GET "/consol.html" for ::1 at 2021-05-29 22:55:04 +0900
  
ActionController::RoutingError (No route matches [GET] "/consol.html"):
  
Started GET "/consol.html" for ::1 at 2021-05-29 22:59:11 +0900
  
ActionController::RoutingError (No route matches [GET] "/consol.html"):
  
Started GET "/" for ::1 at 2021-05-29 22:59:13 +0900
Processing by WelcomeController#index as HTML
  Rendering layout layouts/application.html.erb
  Rendering welcome/index.html.erb within layouts/application
  Rendered welcome/index.html.erb within layouts/application (Duration: 1.1ms | Allocations: 1528)
[Webpacker] Everything's up-to-date. Nothing to do
  Rendered layout layouts/application.html.erb (Duration: 5.6ms | Allocations: 5507)
Completed 200 OK in 7ms (Views: 6.9ms | Allocations: 6590)


Started GET "/" for ::1 at 2021-05-29 22:59:14 +0900
Processing by WelcomeController#index as HTML
  Rendering layout layouts/application.html.erb
  Rendering welcome/index.html.erb within layouts/application
  Rendered welcome/index.html.erb within layouts/application (Duration: 0.1ms | Allocations: 38)
[Webpacker] Everything's up-to-date. Nothing to do
  Rendered layout layouts/application.html.erb (Duration: 4.0ms | Allocations: 3561)
Completed 200 OK in 5ms (Views: 4.3ms | Allocations: 3937)


Started GET "/stylesheets/pygment_trac.css" for ::1 at 2021-05-29 22:59:14 +0900
Started GET "/javascripts/bootstrap.js" for ::1 at 2021-05-29 22:59:14 +0900
Started GET "/stylesheets/stylesheet.css" for ::1 at 2021-05-29 22:59:14 +0900
Started GET "/javascripts/jquery-1.9.1.min.js" for ::1 at 2021-05-29 22:59:14 +0900
Started GET "/javascripts/main.js" for ::1 at 2021-05-29 22:59:14 +0900
  
ActionController::RoutingError (No route matches [GET] "/javascripts/bootstrap.js"):
  
  
ActionController::RoutingError (No route matches [GET] "/stylesheets/pygment_trac.css"):
  
  
ActionController::RoutingError (No route matches [GET] "/javascripts/jquery-1.9.1.min.js"):
  
  
ActionController::RoutingError (No route matches [GET] "/stylesheets/stylesheet.css"):
  
  
ActionController::RoutingError (No route matches [GET] "/javascripts/main.js"):
  
Started GET "/stylesheets/print.css" for ::1 at 2021-05-29 22:59:14 +0900
  
ActionController::RoutingError (No route matches [GET] "/stylesheets/print.css"):
  
Started GET "/stylesheets/stylesheet.css" for ::1 at 2021-05-29 22:59:14 +0900
  
ActionController::RoutingError (No route matches [GET] "/stylesheets/stylesheet.css"):
  
Started GET "/javascripts/jquery-1.9.1.min.js" for ::1 at 2021-05-29 22:59:14 +0900
  
ActionController::RoutingError (No route matches [GET] "/javascripts/jquery-1.9.1.min.js"):
  
Started GET "/javascripts/bootstrap.js" for ::1 at 2021-05-29 22:59:14 +0900
  
ActionController::RoutingError (No route matches [GET] "/javascripts/bootstrap.js"):
  
Started GET "/javascripts/main.js" for ::1 at 2021-05-29 22:59:15 +0900
  
ActionController::RoutingError (No route matches [GET] "/javascripts/main.js"):
  
Started GET "/" for ::1 at 2021-05-29 22:59:18 +0900
Processing by WelcomeController#index as HTML
  Rendering layout layouts/application.html.erb
  Rendering welcome/index.html.erb within layouts/application
  Rendered welcome/index.html.erb within layouts/application (Duration: 0.1ms | Allocations: 38)
[Webpacker] Everything's up-to-date. Nothing to do
  Rendered layout layouts/application.html.erb (Duration: 3.9ms | Allocations: 3561)
Completed 200 OK in 5ms (Views: 4.2ms | Allocations: 3936)


Started GET "/" for ::1 at 2021-05-29 22:59:27 +0900
Processing by WelcomeController#index as HTML
  Rendering layout layouts/application.html.erb
  Rendering welcome/index.html.erb within layouts/application
  Rendered welcome/index.html.erb within layouts/application (Duration: 1.1ms | Allocations: 1528)
[Webpacker] Everything's up-to-date. Nothing to do
  Rendered layout layouts/application.html.erb (Duration: 5.2ms | Allocations: 5497)
Completed 200 OK in 7ms (Views: 6.8ms | Allocations: 6580)


Started GET "/stylesheets/pygment_trac.css" for ::1 at 2021-05-29 22:59:27 +0900
  
ActionController::RoutingError (No route matches [GET] "/stylesheets/pygment_trac.css"):
  
Started GET "/javascripts/jquery-1.9.1.min.js" for ::1 at 2021-05-29 22:59:27 +0900
Started GET "/javascripts/bootstrap.js" for ::1 at 2021-05-29 22:59:27 +0900
Started GET "/javascripts/main.js" for ::1 at 2021-05-29 22:59:27 +0900
Started GET "/stylesheets/stylesheet.css" for ::1 at 2021-05-29 22:59:27 +0900
  
ActionController::RoutingError (No route matches [GET] "/javascripts/bootstrap.js"):
  
  
ActionController::RoutingError (No route matches [GET] "/javascripts/jquery-1.9.1.min.js"):
  
  
ActionController::RoutingError (No route matches [GET] "/stylesheets/stylesheet.css"):
  
  
ActionController::RoutingError (No route matches [GET] "/javascripts/main.js"):
  
Started GET "/stylesheets/print.css" for ::1 at 2021-05-29 22:59:27 +0900
  
ActionController::RoutingError (No route matches [GET] "/stylesheets/print.css"):
  
Started GET "/goinfre/huchoi-git/piscine/day04/ex01/NewCheatSheet/app/views/welcome/consol.html" for ::1 at 2021-05-29 22:59:28 +0900
  
ActionController::RoutingError (No route matches [GET] "/goinfre/huchoi-git/piscine/day04/ex01/NewCheatSheet/app/views/welcome/consol.html"):
  
Started GET "/goinfre/huchoi-git/piscine/day04/ex01/NewCheatSheet/app/views/welcome/consol.html" for ::1 at 2021-05-29 22:59:35 +0900
  
ActionController::RoutingError (No route matches [GET] "/goinfre/huchoi-git/piscine/day04/ex01/NewCheatSheet/app/views/welcome/consol.html"):
  
Started GET "/" for ::1 at 2021-05-29 22:59:39 +0900
Processing by WelcomeController#index as HTML
  Rendering layout layouts/application.html.erb
  Rendering welcome/index.html.erb within layouts/application
  Rendered welcome/index.html.erb within layouts/application (Duration: 1.2ms | Allocations: 1528)
[Webpacker] Everything's up-to-date. Nothing to do
  Rendered layout layouts/application.html.erb (Duration: 5.5ms | Allocations: 5507)
Completed 200 OK in 7ms (Views: 6.6ms | Allocations: 6591)


Started GET "/stylesheets/pygment_trac.css" for ::1 at 2021-05-29 22:59:40 +0900
Started GET "/javascripts/bootstrap.js" for ::1 at 2021-05-29 22:59:40 +0900
Started GET "/stylesheets/stylesheet.css" for ::1 at 2021-05-29 22:59:40 +0900
Started GET "/javascripts/main.js" for ::1 at 2021-05-29 22:59:40 +0900
  
ActionController::RoutingError (No route matches [GET] "/javascripts/bootstrap.js"):
  
Started GET "/javascripts/jquery-1.9.1.min.js" for ::1 at 2021-05-29 22:59:40 +0900
  
ActionController::RoutingError (No route matches [GET] "/stylesheets/stylesheet.css"):
  
  
ActionController::RoutingError (No route matches [GET] "/stylesheets/pygment_trac.css"):
  
  
ActionController::RoutingError (No route matches [GET] "/javascripts/main.js"):
  
  
ActionController::RoutingError (No route matches [GET] "/javascripts/jquery-1.9.1.min.js"):
  
Started GET "/stylesheets/print.css" for ::1 at 2021-05-29 22:59:40 +0900
Started GET "/stylesheets/stylesheet.css" for ::1 at 2021-05-29 22:59:40 +0900
  
ActionController::RoutingError (No route matches [GET] "/stylesheets/print.css"):
  
  
ActionController::RoutingError (No route matches [GET] "/stylesheets/stylesheet.css"):
  
Started GET "/javascripts/jquery-1.9.1.min.js" for ::1 at 2021-05-29 22:59:40 +0900
  
ActionController::RoutingError (No route matches [GET] "/javascripts/jquery-1.9.1.min.js"):
  
Started GET "/javascripts/bootstrap.js" for ::1 at 2021-05-29 22:59:40 +0900
  
ActionController::RoutingError (No route matches [GET] "/javascripts/bootstrap.js"):
  
Started GET "/javascripts/main.js" for ::1 at 2021-05-29 22:59:40 +0900
  
ActionController::RoutingError (No route matches [GET] "/javascripts/main.js"):
  
Started GET "/convention.html" for ::1 at 2021-05-29 22:59:58 +0900
  
ActionController::RoutingError (No route matches [GET] "/convention.html"):
  
Started GET "/" for ::1 at 2021-05-29 22:59:59 +0900
Processing by WelcomeController#index as HTML
  Rendering layout layouts/application.html.erb
  Rendering welcome/index.html.erb within layouts/application
  Rendered welcome/index.html.erb within layouts/application (Duration: 0.1ms | Allocations: 38)
[Webpacker] Everything's up-to-date. Nothing to do
  Rendered layout layouts/application.html.erb (Duration: 5.4ms | Allocations: 3658)
Completed 200 OK in 6ms (Views: 5.9ms | Allocations: 4048)


Started GET "/stylesheets/stylesheet.css" for ::1 at 2021-05-29 22:59:59 +0900
Started GET "/stylesheets/pygment_trac.css" for ::1 at 2021-05-29 22:59:59 +0900
Started GET "/javascripts/main.js" for ::1 at 2021-05-29 22:59:59 +0900
Started GET "/javascripts/jquery-1.9.1.min.js" for ::1 at 2021-05-29 22:59:59 +0900
  
ActionController::RoutingError (No route matches [GET] "/stylesheets/pygment_trac.css"):
  
Started GET "/javascripts/bootstrap.js" for ::1 at 2021-05-29 22:59:59 +0900
  
ActionController::RoutingError (No route matches [GET] "/stylesheets/stylesheet.css"):
  
  
ActionController::RoutingError (No route matches [GET] "/javascripts/main.js"):
  
  
ActionController::RoutingError (No route matches [GET] "/javascripts/jquery-1.9.1.min.js"):
  
  
ActionController::RoutingError (No route matches [GET] "/javascripts/bootstrap.js"):
  
Started GET "/stylesheets/stylesheet.css" for ::1 at 2021-05-29 22:59:59 +0900
Started GET "/stylesheets/print.css" for ::1 at 2021-05-29 22:59:59 +0900
  
ActionController::RoutingError (No route matches [GET] "/stylesheets/stylesheet.css"):
  
  
ActionController::RoutingError (No route matches [GET] "/stylesheets/print.css"):
  
Started GET "/javascripts/jquery-1.9.1.min.js" for ::1 at 2021-05-29 22:59:59 +0900
  
ActionController::RoutingError (No route matches [GET] "/javascripts/jquery-1.9.1.min.js"):
  
Started GET "/javascripts/bootstrap.js" for ::1 at 2021-05-29 22:59:59 +0900
  
ActionController::RoutingError (No route matches [GET] "/javascripts/bootstrap.js"):
  
Started GET "/javascripts/main.js" for ::1 at 2021-05-29 22:59:59 +0900
  
ActionController::RoutingError (No route matches [GET] "/javascripts/main.js"):
  
Started GET "/" for ::1 at 2021-05-29 23:01:02 +0900
Processing by WelcomeController#index as HTML
  Rendering layout layouts/application.html.erb
  Rendering welcome/index.html.erb within layouts/application
  Rendered welcome/index.html.erb within layouts/application (Duration: 1.1ms | Allocations: 1529)
[Webpacker] Everything's up-to-date. Nothing to do
  Rendered layout layouts/application.html.erb (Duration: 5.3ms | Allocations: 5508)
Completed 200 OK in 8ms (Views: 6.6ms | Allocations: 6592)


Started GET "/stylesheets/pygment_trac.css" for ::1 at 2021-05-29 23:01:02 +0900
Started GET "/javascripts/jquery-1.9.1.min.js" for ::1 at 2021-05-29 23:01:02 +0900
Started GET "/stylesheets/stylesheet.css" for ::1 at 2021-05-29 23:01:02 +0900
Started GET "/javascripts/main.js" for ::1 at 2021-05-29 23:01:02 +0900
Started GET "/javascripts/bootstrap.js" for ::1 at 2021-05-29 23:01:02 +0900
  
ActionController::RoutingError (No route matches [GET] "/stylesheets/pygment_trac.css"):
  
  
ActionController::RoutingError (No route matches [GET] "/javascripts/main.js"):
  
  
ActionController::RoutingError (No route matches [GET] "/javascripts/jquery-1.9.1.min.js"):
  
  
ActionController::RoutingError (No route matches [GET] "/stylesheets/stylesheet.css"):
  
  
ActionController::RoutingError (No route matches [GET] "/javascripts/bootstrap.js"):
  
Started GET "/stylesheets/print.css" for ::1 at 2021-05-29 23:01:02 +0900
  
ActionController::RoutingError (No route matches [GET] "/stylesheets/print.css"):
  
Started GET "/javascripts/jquery-1.9.1.min.js" for ::1 at 2021-05-29 23:01:03 +0900
  
ActionController::RoutingError (No route matches [GET] "/javascripts/jquery-1.9.1.min.js"):
  
Started GET "/javascripts/bootstrap.js" for ::1 at 2021-05-29 23:01:03 +0900
  
ActionController::RoutingError (No route matches [GET] "/javascripts/bootstrap.js"):
  
Started GET "/javascripts/main.js" for ::1 at 2021-05-29 23:01:03 +0900
  
ActionController::RoutingError (No route matches [GET] "/javascripts/main.js"):
  
Started GET "/NewCheatSheet/app/views/welcome/consol.html" for ::1 at 2021-05-29 23:01:04 +0900
  
ActionController::RoutingError (No route matches [GET] "/NewCheatSheet/app/views/welcome/consol.html"):
  
Started GET "/NewCheatSheet/app/views/welcome/consol.html" for ::1 at 2021-05-29 23:01:13 +0900
  
ActionController::RoutingError (No route matches [GET] "/NewCheatSheet/app/views/welcome/consol.html"):
  
Started GET "/welcome/test" for ::1 at 2021-05-29 23:01:19 +0900
  
ActionController::RoutingError (No route matches [GET] "/welcome/test"):
  
Started GET "/welcome/test" for ::1 at 2021-05-29 23:01:20 +0900
  
ActionController::RoutingError (No route matches [GET] "/welcome/test"):
  
Started GET "/" for ::1 at 2021-05-29 23:01:24 +0900
Processing by WelcomeController#index as HTML
  Rendering layout layouts/application.html.erb
  Rendering welcome/index.html.erb within layouts/application
  Rendered welcome/index.html.erb within layouts/application (Duration: 1.1ms | Allocations: 1528)
[Webpacker] Everything's up-to-date. Nothing to do
  Rendered layout layouts/application.html.erb (Duration: 6.6ms | Allocations: 5507)
Completed 200 OK in 8ms (Views: 7.8ms | Allocations: 6590)


Started GET "/stylesheets/pygment_trac.css" for ::1 at 2021-05-29 23:01:24 +0900
  
ActionController::RoutingError (No route matches [GET] "/stylesheets/pygment_trac.css"):
  
Started GET "/stylesheets/stylesheet.css" for ::1 at 2021-05-29 23:01:24 +0900
Started GET "/javascripts/jquery-1.9.1.min.js" for ::1 at 2021-05-29 23:01:24 +0900
Started GET "/javascripts/main.js" for ::1 at 2021-05-29 23:01:24 +0900
Started GET "/javascripts/bootstrap.js" for ::1 at 2021-05-29 23:01:24 +0900
  
ActionController::RoutingError (No route matches [GET] "/stylesheets/stylesheet.css"):
  
  
ActionController::RoutingError (No route matches [GET] "/javascripts/jquery-1.9.1.min.js"):
  
  
ActionController::RoutingError (No route matches [GET] "/javascripts/main.js"):
  
  
ActionController::RoutingError (No route matches [GET] "/javascripts/bootstrap.js"):
  
Started GET "/stylesheets/print.css" for ::1 at 2021-05-29 23:01:25 +0900
  
ActionController::RoutingError (No route matches [GET] "/stylesheets/print.css"):
  
Started GET "/javascripts/jquery-1.9.1.min.js" for ::1 at 2021-05-29 23:01:25 +0900
  
ActionController::RoutingError (No route matches [GET] "/javascripts/jquery-1.9.1.min.js"):
  
Started GET "/javascripts/bootstrap.js" for ::1 at 2021-05-29 23:01:25 +0900
  
ActionController::RoutingError (No route matches [GET] "/javascripts/bootstrap.js"):
  
Started GET "/javascripts/main.js" for ::1 at 2021-05-29 23:01:25 +0900
  
ActionController::RoutingError (No route matches [GET] "/javascripts/main.js"):
  
Started GET "/NewCheatSheet/app/views/welcome/consol.html" for ::1 at 2021-05-29 23:01:26 +0900
  
ActionController::RoutingError (No route matches [GET] "/NewCheatSheet/app/views/welcome/consol.html"):
  
Started GET "/NewCheatSheet/app/views/welcome/consol.html" for ::1 at 2021-05-29 23:01:42 +0900
  
ActionController::RoutingError (No route matches [GET] "/NewCheatSheet/app/views/welcome/consol.html"):
  
Started GET "/NewCheatSheet/app/views/welcome/consol.html" for ::1 at 2021-05-29 23:02:19 +0900
  
ActionController::RoutingError (No route matches [GET] "/NewCheatSheet/app/views/welcome/consol.html"):
  
Started GET "/" for ::1 at 2021-05-29 23:02:30 +0900
Processing by WelcomeController#index as HTML
  Rendering layout layouts/application.html.erb
  Rendering welcome/index.html.erb within layouts/application
  Rendered welcome/index.html.erb within layouts/application (Duration: 1.1ms | Allocations: 1528)
[Webpacker] Everything's up-to-date. Nothing to do
  Rendered layout layouts/application.html.erb (Duration: 5.9ms | Allocations: 5507)
Completed 200 OK in 8ms (Views: 7.1ms | Allocations: 6590)


Started GET "/stylesheets/pygment_trac.css" for ::1 at 2021-05-29 23:02:30 +0900
Started GET "/stylesheets/stylesheet.css" for ::1 at 2021-05-29 23:02:30 +0900
Started GET "/javascripts/jquery-1.9.1.min.js" for ::1 at 2021-05-29 23:02:30 +0900
  
ActionController::RoutingError (No route matches [GET] "/stylesheets/stylesheet.css"):
  
Started GET "/javascripts/bootstrap.js" for ::1 at 2021-05-29 23:02:30 +0900
  
ActionController::RoutingError (No route matches [GET] "/stylesheets/pygment_trac.css"):
  
  
ActionController::RoutingError (No route matches [GET] "/javascripts/jquery-1.9.1.min.js"):
  
  
ActionController::RoutingError (No route matches [GET] "/javascripts/bootstrap.js"):
  
Started GET "/stylesheets/print.css" for ::1 at 2021-05-29 23:02:30 +0900
Started GET "/stylesheets/stylesheet.css" for ::1 at 2021-05-29 23:02:30 +0900
  
ActionController::RoutingError (No route matches [GET] "/stylesheets/print.css"):
  
  
ActionController::RoutingError (No route matches [GET] "/stylesheets/stylesheet.css"):
  
Started GET "/javascripts/jquery-1.9.1.min.js" for ::1 at 2021-05-29 23:02:30 +0900
  
ActionController::RoutingError (No route matches [GET] "/javascripts/jquery-1.9.1.min.js"):
  
Started GET "/javascripts/bootstrap.js" for ::1 at 2021-05-29 23:02:30 +0900
  
ActionController::RoutingError (No route matches [GET] "/javascripts/bootstrap.js"):
  
Started GET "/javascripts/main.js" for ::1 at 2021-05-29 23:02:31 +0900
  
ActionController::RoutingError (No route matches [GET] "/javascripts/main.js"):
  
Started GET "/consol.html" for ::1 at 2021-05-29 23:02:35 +0900
  
ActionController::RoutingError (No route matches [GET] "/consol.html"):
  
Started GET "/" for ::1 at 2021-05-29 23:02:37 +0900
Processing by WelcomeController#index as HTML
  Rendering layout layouts/application.html.erb
  Rendering welcome/index.html.erb within layouts/application
  Rendered welcome/index.html.erb within layouts/application (Duration: 0.1ms | Allocations: 38)
[Webpacker] Everything's up-to-date. Nothing to do
  Rendered layout layouts/application.html.erb (Duration: 3.9ms | Allocations: 3572)
Completed 200 OK in 5ms (Views: 4.4ms | Allocations: 3955)


Started GET "/stylesheets/stylesheet.css" for ::1 at 2021-05-29 23:02:37 +0900
  
ActionController::RoutingError (No route matches [GET] "/stylesheets/stylesheet.css"):
  
Started GET "/stylesheets/pygment_trac.css" for ::1 at 2021-05-29 23:02:37 +0900
Started GET "/javascripts/main.js" for ::1 at 2021-05-29 23:02:37 +0900
Started GET "/javascripts/bootstrap.js" for ::1 at 2021-05-29 23:02:37 +0900
  
ActionController::RoutingError (No route matches [GET] "/stylesheets/pygment_trac.css"):
  
  
ActionController::RoutingError (No route matches [GET] "/javascripts/main.js"):
  
Started GET "/javascripts/jquery-1.9.1.min.js" for ::1 at 2021-05-29 23:02:37 +0900
  
ActionController::RoutingError (No route matches [GET] "/javascripts/bootstrap.js"):
  
  
ActionController::RoutingError (No route matches [GET] "/javascripts/jquery-1.9.1.min.js"):
  
Started GET "/stylesheets/print.css" for ::1 at 2021-05-29 23:02:37 +0900
Started GET "/stylesheets/stylesheet.css" for ::1 at 2021-05-29 23:02:37 +0900
  
ActionController::RoutingError (No route matches [GET] "/stylesheets/print.css"):
  
  
ActionController::RoutingError (No route matches [GET] "/stylesheets/stylesheet.css"):
  
Started GET "/javascripts/jquery-1.9.1.min.js" for ::1 at 2021-05-29 23:02:37 +0900
  
ActionController::RoutingError (No route matches [GET] "/javascripts/jquery-1.9.1.min.js"):
  
Started GET "/javascripts/bootstrap.js" for ::1 at 2021-05-29 23:02:37 +0900
  
ActionController::RoutingError (No route matches [GET] "/javascripts/bootstrap.js"):
  
Started GET "/javascripts/main.js" for ::1 at 2021-05-29 23:02:37 +0900
  
ActionController::RoutingError (No route matches [GET] "/javascripts/main.js"):
  
Started GET "/" for ::1 at 2021-05-29 23:04:26 +0900
Processing by WelcomeController#index as HTML
  Rendering layout layouts/application.html.erb
  Rendering welcome/index.html.erb within layouts/application
  Rendered welcome/index.html.erb within layouts/application (Duration: 1.2ms | Allocations: 1528)
[Webpacker] Everything's up-to-date. Nothing to do
  Rendered layout layouts/application.html.erb (Duration: 5.6ms | Allocations: 5508)
Completed 200 OK in 8ms (Views: 6.9ms | Allocations: 6593)


Started GET "/~/javascripts/jquery-1.9.1.min.js" for ::1 at 2021-05-29 23:04:26 +0900
Started GET "/~/stylesheets/stylesheet.css" for ::1 at 2021-05-29 23:04:26 +0900
Started GET "/~/stylesheets/pygment_trac.css" for ::1 at 2021-05-29 23:04:26 +0900
  
ActionController::RoutingError (No route matches [GET] "/~/javascripts/jquery-1.9.1.min.js"):
  
Started GET "/~/javascripts/main.js" for ::1 at 2021-05-29 23:04:26 +0900
Started GET "/~/javascripts/bootstrap.js" for ::1 at 2021-05-29 23:04:26 +0900
  
ActionController::RoutingError (No route matches [GET] "/~/stylesheets/pygment_trac.css"):
  
  
ActionController::RoutingError (No route matches [GET] "/~/stylesheets/stylesheet.css"):
  
  
ActionController::RoutingError (No route matches [GET] "/~/javascripts/main.js"):
  
  
ActionController::RoutingError (No route matches [GET] "/~/javascripts/bootstrap.js"):
  
Started GET "/~/stylesheets/stylesheet.css" for ::1 at 2021-05-29 23:04:26 +0900
Started GET "/~/stylesheets/print.css" for ::1 at 2021-05-29 23:04:26 +0900
  
ActionController::RoutingError (No route matches [GET] "/~/stylesheets/stylesheet.css"):
  
  
ActionController::RoutingError (No route matches [GET] "/~/stylesheets/print.css"):
  
Started GET "/~/javascripts/jquery-1.9.1.min.js" for ::1 at 2021-05-29 23:04:26 +0900
  
ActionController::RoutingError (No route matches [GET] "/~/javascripts/jquery-1.9.1.min.js"):
  
Started GET "/~/javascripts/bootstrap.js" for ::1 at 2021-05-29 23:04:26 +0900
  
ActionController::RoutingError (No route matches [GET] "/~/javascripts/bootstrap.js"):
  
Started GET "/~/javascripts/main.js" for ::1 at 2021-05-29 23:04:26 +0900
  
ActionController::RoutingError (No route matches [GET] "/~/javascripts/main.js"):
  
Started GET "/~/consol.html" for ::1 at 2021-05-29 23:04:27 +0900
  
ActionController::RoutingError (No route matches [GET] "/~/consol.html"):
  
Started GET "/~/consol.html" for ::1 at 2021-05-29 23:05:26 +0900
  
ActionController::RoutingError (No route matches [GET] "/~/consol.html"):
  
Started GET "/" for ::1 at 2021-05-29 23:05:30 +0900
Processing by WelcomeController#index as HTML
  Rendering layout layouts/application.html.erb
  Rendering welcome/index.html.erb within layouts/application
  Rendered welcome/index.html.erb within layouts/application (Duration: 1.2ms | Allocations: 1528)
[Webpacker] Everything's up-to-date. Nothing to do
  Rendered layout layouts/application.html.erb (Duration: 5.4ms | Allocations: 5508)
Completed 200 OK in 8ms (Views: 6.7ms | Allocations: 6591)


Started GET "/~/stylesheets/pygment_trac.css" for ::1 at 2021-05-29 23:05:30 +0900
  
ActionController::RoutingError (No route matches [GET] "/~/stylesheets/pygment_trac.css"):
  
Started GET "/~/javascripts/jquery-1.9.1.min.js" for ::1 at 2021-05-29 23:05:30 +0900
Started GET "/~/javascripts/main.js" for ::1 at 2021-05-29 23:05:30 +0900
  
ActionController::RoutingError (No route matches [GET] "/~/javascripts/main.js"):
  
Started GET "/~/stylesheets/stylesheet.css" for ::1 at 2021-05-29 23:05:30 +0900
  
ActionController::RoutingError (No route matches [GET] "/~/stylesheets/stylesheet.css"):
  
Started GET "/~/javascripts/bootstrap.js" for ::1 at 2021-05-29 23:05:30 +0900
  
ActionController::RoutingError (No route matches [GET] "/~/javascripts/jquery-1.9.1.min.js"):
  
  
ActionController::RoutingError (No route matches [GET] "/~/javascripts/bootstrap.js"):
  
Started GET "/~/stylesheets/print.css" for ::1 at 2021-05-29 23:05:30 +0900
  
ActionController::RoutingError (No route matches [GET] "/~/stylesheets/print.css"):
  
Started GET "/~/javascripts/main.js" for ::1 at 2021-05-29 23:05:30 +0900
  
ActionController::RoutingError (No route matches [GET] "/~/javascripts/main.js"):
  
Started GET "/~/app/views/welcome/consol.html" for ::1 at 2021-05-29 23:05:32 +0900
  
ActionController::RoutingError (No route matches [GET] "/~/app/views/welcome/consol.html"):
  
Started GET "/" for ::1 at 2021-05-29 23:06:31 +0900
Processing by WelcomeController#index as HTML
  Rendering layout layouts/application.html.erb
  Rendering welcome/index.html.erb within layouts/application
  Rendered welcome/index.html.erb within layouts/application (Duration: 1.2ms | Allocations: 1529)
[Webpacker] Everything's up-to-date. Nothing to do
  Rendered layout layouts/application.html.erb (Duration: 5.7ms | Allocations: 5593)
Completed 200 OK in 8ms (Views: 7.1ms | Allocations: 6678)


Started GET "/stylesheets/pygment_trac.css" for ::1 at 2021-05-29 23:06:31 +0900
Started GET "/stylesheets/stylesheet.css" for ::1 at 2021-05-29 23:06:31 +0900
  
ActionController::RoutingError (No route matches [GET] "/stylesheets/stylesheet.css"):
  
Started GET "/javascripts/bootstrap.js" for ::1 at 2021-05-29 23:06:31 +0900
Started GET "/javascripts/jquery-1.9.1.min.js" for ::1 at 2021-05-29 23:06:31 +0900
  
ActionController::RoutingError (No route matches [GET] "/stylesheets/pygment_trac.css"):
  
  
ActionController::RoutingError (No route matches [GET] "/javascripts/bootstrap.js"):
  
  
ActionController::RoutingError (No route matches [GET] "/javascripts/jquery-1.9.1.min.js"):
  
Started GET "/stylesheets/print.css" for ::1 at 2021-05-29 23:06:31 +0900
  
ActionController::RoutingError (No route matches [GET] "/stylesheets/print.css"):
  
Started GET "/stylesheets/stylesheet.css" for ::1 at 2021-05-29 23:06:31 +0900
  
ActionController::RoutingError (No route matches [GET] "/stylesheets/stylesheet.css"):
  
Started GET "/javascripts/jquery-1.9.1.min.js" for ::1 at 2021-05-29 23:06:31 +0900
  
ActionController::RoutingError (No route matches [GET] "/javascripts/jquery-1.9.1.min.js"):
  
Started GET "/javascripts/bootstrap.js" for ::1 at 2021-05-29 23:06:31 +0900
  
ActionController::RoutingError (No route matches [GET] "/javascripts/bootstrap.js"):
  
Started GET "/javascripts/main.js" for ::1 at 2021-05-29 23:06:31 +0900
  
ActionController::RoutingError (No route matches [GET] "/javascripts/main.js"):
  
Started GET "/" for ::1 at 2021-05-29 23:06:32 +0900
Processing by WelcomeController#index as HTML
  Rendering layout layouts/application.html.erb
  Rendering welcome/index.html.erb within layouts/application
  Rendered welcome/index.html.erb within layouts/application (Duration: 0.1ms | Allocations: 38)
[Webpacker] Everything's up-to-date. Nothing to do
  Rendered layout layouts/application.html.erb (Duration: 3.7ms | Allocations: 3572)
Completed 200 OK in 4ms (Views: 4.0ms | Allocations: 3948)


Started GET "/stylesheets/pygment_trac.css" for ::1 at 2021-05-29 23:06:32 +0900
Started GET "/stylesheets/stylesheet.css" for ::1 at 2021-05-29 23:06:32 +0900
Started GET "/javascripts/bootstrap.js" for ::1 at 2021-05-29 23:06:32 +0900
Started GET "/javascripts/main.js" for ::1 at 2021-05-29 23:06:32 +0900
Started GET "/javascripts/jquery-1.9.1.min.js" for ::1 at 2021-05-29 23:06:32 +0900
  
ActionController::RoutingError (No route matches [GET] "/stylesheets/pygment_trac.css"):
  
  
ActionController::RoutingError (No route matches [GET] "/javascripts/bootstrap.js"):
  
  
ActionController::RoutingError (No route matches [GET] "/javascripts/jquery-1.9.1.min.js"):
  
  
ActionController::RoutingError (No route matches [GET] "/stylesheets/stylesheet.css"):
  
  
ActionController::RoutingError (No route matches [GET] "/javascripts/main.js"):
  
Started GET "/stylesheets/print.css" for ::1 at 2021-05-29 23:06:33 +0900
  
ActionController::RoutingError (No route matches [GET] "/stylesheets/print.css"):
  
Started GET "/javascripts/jquery-1.9.1.min.js" for ::1 at 2021-05-29 23:06:33 +0900
  
ActionController::RoutingError (No route matches [GET] "/javascripts/jquery-1.9.1.min.js"):
  
Started GET "/javascripts/bootstrap.js" for ::1 at 2021-05-29 23:06:33 +0900
  
ActionController::RoutingError (No route matches [GET] "/javascripts/bootstrap.js"):
  
Started GET "/javascripts/main.js" for ::1 at 2021-05-29 23:06:33 +0900
  
ActionController::RoutingError (No route matches [GET] "/javascripts/main.js"):
  
Started GET "/goinfre/huchoi-git/piscine/day04/ex01/NewCheatSheet/app/views/welcome/consol.html" for ::1 at 2021-05-29 23:06:34 +0900
  
ActionController::RoutingError (No route matches [GET] "/goinfre/huchoi-git/piscine/day04/ex01/NewCheatSheet/app/views/welcome/consol.html"):
  
